2026-06-03 12:34:09  INFO 8580 --- [论坛系统] [main] c.b.f.service.impl.UserServiceImplTest   : Starting UserServiceImplTest using Java 17.0.9 with PID 8580 (started by liangyuanzhang in D:\项目学习Java\论坛系统\forum\forum)
2026-06-03 12:34:09 DEBUG 8580 --- [论坛系统] [main] c.b.f.service.impl.UserServiceImplTest   : Running with Spring Boot v3.5.14, Spring v6.2.18
2026-06-03 12:34:09  INFO 8580 --- [论坛系统] [main] c.b.f.service.impl.UserServiceImplTest   : No active profile set, falling back to 1 default profile: "default"
2026-06-03 12:34:11  INFO 8580 --- [论坛系统] [main] o.s.b.a.w.s.WelcomePageHandlerMapping    : Adding welcome page: class path resource [static/index.html]
2026-06-03 12:34:11  INFO 8580 --- [论坛系统] [main] o.s.b.a.e.web.EndpointLinksResolver      : Exposing 1 endpoint beneath base path '/actuator'
2026-06-03 12:34:12  INFO 8580 --- [论坛系统] [main] c.b.f.service.impl.UserServiceImplTest   : Started UserServiceImplTest in 3.095 seconds (process running for 3.831)
2026-06-03 12:34:12  INFO 8580 --- [论坛系统] [main] com.zaxxer.hikari.HikariDataSource       : HikariPool-1 - Starting...
2026-06-03 12:34:12  INFO 8580 --- [论坛系统] [main] com.zaxxer.hikari.pool.HikariPool        : HikariPool-1 - Added connection com.mysql.cj.jdbc.ConnectionImpl@666b91db
2026-06-03 12:34:12  INFO 8580 --- [论坛系统] [main] com.zaxxer.hikari.HikariDataSource       : HikariPool-1 - Start completed.
2026-06-03 12:34:12 DEBUG 8580 --- [论坛系统] [main] c.b.f.dao.UserMapper.selectByPrimaryKey  : ==>  Preparing: select id, username, password, nickname, phoneNum, email, gender, salt, avatarUrl, articleCount, isAdmin, remark, state, deleteState, createTime, updateTime from t_user where id = ?
2026-06-03 12:34:12 DEBUG 8580 --- [论坛系统] [main] c.b.f.dao.UserMapper.selectByPrimaryKey  : ==> Parameters: 1(Long)
2026-06-03 12:34:12 DEBUG 8580 --- [论坛系统] [main] c.b.f.dao.UserMapper.selectByPrimaryKey  : <==      Total: 1
2026-06-03 12:34:12 DEBUG 8580 --- [论坛系统] [main] c.b.f.d.U.updateByPrimaryKeySelective    : ==>  Preparing: update t_user SET articleCount = ? where id = ?
2026-06-03 12:34:12 DEBUG 8580 --- [论坛系统] [main] c.b.f.d.U.updateByPrimaryKeySelective    : ==> Parameters: 1(Integer), 1(Long)
2026-06-03 12:34:12 DEBUG 8580 --- [论坛系统] [main] c.b.f.d.U.updateByPrimaryKeySelective    : <==    Updates: 1
2026-06-03 12:34:12 DEBUG 8580 --- [论坛系统] [main] c.b.f.dao.UserMapper.selectByPrimaryKey  : ==>  Preparing: select id, username, password, nickname, phoneNum, email, gender, salt, avatarUrl, articleCount, isAdmin, remark, state, deleteState, createTime, updateTime from t_user where id = ?
2026-06-03 12:34:12 DEBUG 8580 --- [论坛系统] [main] c.b.f.dao.UserMapper.selectByPrimaryKey  : ==> Parameters: 1(Long)
2026-06-03 12:34:12 DEBUG 8580 --- [论坛系统] [main] c.b.f.dao.UserMapper.selectByPrimaryKey  : <==      Total: 1
2026-06-03 12:34:12  INFO 8580 --- [论坛系统] [SpringApplicationShutdownHook] com.zaxxer.hikari.HikariDataSource       : HikariPool-1 - Shutdown initiated...
2026-06-03 12:34:13  INFO 8580 --- [论坛系统] [SpringApplicationShutdownHook] com.zaxxer.hikari.HikariDataSource       : HikariPool-1 - Shutdown completed.
2026-06-03 12:43:15  INFO 31820 --- [论坛系统] [main] c.b.f.s.impl.ArticleServiceImplTest      : Starting ArticleServiceImplTest using Java 17.0.9 with PID 31820 (started by liangyuanzhang in D:\项目学习Java\论坛系统\forum\forum)
2026-06-03 12:43:15 DEBUG 31820 --- [论坛系统] [main] c.b.f.s.impl.ArticleServiceImplTest      : Running with Spring Boot v3.5.14, Spring v6.2.18
2026-06-03 12:43:15  INFO 31820 --- [论坛系统] [main] c.b.f.s.impl.ArticleServiceImplTest      : No active profile set, falling back to 1 default profile: "default"
2026-06-03 12:43:17  INFO 31820 --- [论坛系统] [main] o.s.b.a.w.s.WelcomePageHandlerMapping    : Adding welcome page: class path resource [static/index.html]
2026-06-03 12:43:18  INFO 31820 --- [论坛系统] [main] o.s.b.a.e.web.EndpointLinksResolver      : Exposing 1 endpoint beneath base path '/actuator'
2026-06-03 12:43:18  INFO 31820 --- [论坛系统] [main] c.b.f.s.impl.ArticleServiceImplTest      : Started ArticleServiceImplTest in 3.108 seconds (process running for 3.852)
2026-06-03 12:43:18  INFO 31820 --- [论坛系统] [main] com.zaxxer.hikari.HikariDataSource       : HikariPool-1 - Starting...
2026-06-03 12:43:18  INFO 31820 --- [论坛系统] [main] com.zaxxer.hikari.pool.HikariPool        : HikariPool-1 - Added connection com.mysql.cj.jdbc.ConnectionImpl@62c47480
2026-06-03 12:43:18  INFO 31820 --- [论坛系统] [main] com.zaxxer.hikari.HikariDataSource       : HikariPool-1 - Start completed.
2026-06-03 12:43:19 DEBUG 31820 --- [论坛系统] [main] c.b.f.d.A.selectByPrimaryKey             : ==>  Preparing: select id, boardId, userId, title, visitCount, replyCount, likeCount, state, deleteState, createTime, updateTime , content from t_article where id = ?
2026-06-03 12:43:19 DEBUG 31820 --- [论坛系统] [main] c.b.f.d.A.selectByPrimaryKey             : ==> Parameters: 7(Long)
2026-06-03 12:43:19 DEBUG 31820 --- [论坛系统] [main] c.b.f.d.A.selectByPrimaryKey             : <==      Total: 1
2026-06-03 12:43:19 DEBUG 31820 --- [论坛系统] [main] c.b.f.d.A.updateByPrimaryKeySelective    : ==>  Preparing: update t_article SET deleteState = ? where id = ?
2026-06-03 12:43:19 DEBUG 31820 --- [论坛系统] [main] c.b.f.d.A.updateByPrimaryKeySelective    : ==> Parameters: 1(Byte), 7(Long)
2026-06-03 12:43:19 DEBUG 31820 --- [论坛系统] [main] c.b.f.d.A.updateByPrimaryKeySelective    : <==    Updates: 1
2026-06-03 12:43:19 DEBUG 31820 --- [论坛系统] [main] c.b.f.d.BoardMapper.selectByPrimaryKey   : ==>  Preparing: select id, name, articleCount, sort, state, deleteState, createTime, updateTime from t_board where id = ?
2026-06-03 12:43:19 DEBUG 31820 --- [论坛系统] [main] c.b.f.d.BoardMapper.selectByPrimaryKey   : ==> Parameters: 1(Long)
2026-06-03 12:43:19 DEBUG 31820 --- [论坛系统] [main] c.b.f.d.BoardMapper.selectByPrimaryKey   : <==      Total: 1
2026-06-03 12:43:19 DEBUG 31820 --- [论坛系统] [main] c.b.f.d.B.updateByPrimaryKeySelective    : ==>  Preparing: update t_board SET articleCount = ? where id = ?
2026-06-03 12:43:19 DEBUG 31820 --- [论坛系统] [main] c.b.f.d.B.updateByPrimaryKeySelective    : ==> Parameters: 2(Integer), 1(Long)
2026-06-03 12:43:19 DEBUG 31820 --- [论坛系统] [main] c.b.f.d.B.updateByPrimaryKeySelective    : <==    Updates: 1
2026-06-03 12:43:19 DEBUG 31820 --- [论坛系统] [main] c.b.f.dao.UserMapper.selectByPrimaryKey  : ==>  Preparing: select id, username, password, nickname, phoneNum, email, gender, salt, avatarUrl, articleCount, isAdmin, remark, state, deleteState, createTime, updateTime from t_user where id = ?
2026-06-03 12:43:19 DEBUG 31820 --- [论坛系统] [main] c.b.f.dao.UserMapper.selectByPrimaryKey  : ==> Parameters: 19(Long)
2026-06-03 12:43:19 DEBUG 31820 --- [论坛系统] [main] c.b.f.dao.UserMapper.selectByPrimaryKey  : <==      Total: 1
2026-06-03 12:43:19 DEBUG 31820 --- [论坛系统] [main] c.b.f.d.U.updateByPrimaryKeySelective    : ==>  Preparing: update t_user SET articleCount = ? where id = ?
2026-06-03 12:43:19 DEBUG 31820 --- [论坛系统] [main] c.b.f.d.U.updateByPrimaryKeySelective    : ==> Parameters: 6(Integer), 19(Long)
2026-06-03 12:43:19 DEBUG 31820 --- [论坛系统] [main] c.b.f.d.U.updateByPrimaryKeySelective    : <==    Updates: 1
2026-06-03 12:43:19  INFO 31820 --- [论坛系统] [main] c.b.f.service.impl.ArticleServiceImpl    : code = 0, message = 操作成功. 被删除的article id = 7
2026-06-03 12:43:19 DEBUG 31820 --- [论坛系统] [main] c.b.f.d.A.selectByPrimaryKey             : ==>  Preparing: select id, boardId, userId, title, visitCount, replyCount, likeCount, state, deleteState, createTime, updateTime , content from t_article where id = ?
2026-06-03 12:43:19 DEBUG 31820 --- [论坛系统] [main] c.b.f.d.A.selectByPrimaryKey             : ==> Parameters: 7(Long)
2026-06-03 12:43:19 DEBUG 31820 --- [论坛系统] [main] c.b.f.d.A.selectByPrimaryKey             : <==      Total: 1
2026-06-03 12:43:19  INFO 31820 --- [论坛系统] [SpringApplicationShutdownHook] com.zaxxer.hikari.HikariDataSource       : HikariPool-1 - Shutdown initiated...
2026-06-03 12:43:19  INFO 31820 --- [论坛系统] [SpringApplicationShutdownHook] com.zaxxer.hikari.HikariDataSource       : HikariPool-1 - Shutdown completed.
2026-06-03 12:44:21  INFO 29324 --- [论坛系统] [main] c.b.f.s.impl.ArticleServiceImplTest      : Starting ArticleServiceImplTest using Java 17.0.9 with PID 29324 (started by liangyuanzhang in D:\项目学习Java\论坛系统\forum\forum)
2026-06-03 12:44:21 DEBUG 29324 --- [论坛系统] [main] c.b.f.s.impl.ArticleServiceImplTest      : Running with Spring Boot v3.5.14, Spring v6.2.18
2026-06-03 12:44:21  INFO 29324 --- [论坛系统] [main] c.b.f.s.impl.ArticleServiceImplTest      : No active profile set, falling back to 1 default profile: "default"
2026-06-03 12:44:23  INFO 29324 --- [论坛系统] [main] o.s.b.a.w.s.WelcomePageHandlerMapping    : Adding welcome page: class path resource [static/index.html]
2026-06-03 12:44:24  INFO 29324 --- [论坛系统] [main] o.s.b.a.e.web.EndpointLinksResolver      : Exposing 1 endpoint beneath base path '/actuator'
2026-06-03 12:44:24  INFO 29324 --- [论坛系统] [main] c.b.f.s.impl.ArticleServiceImplTest      : Started ArticleServiceImplTest in 3.116 seconds (process running for 3.807)
2026-06-03 12:44:24  INFO 29324 --- [论坛系统] [main] com.zaxxer.hikari.HikariDataSource       : HikariPool-1 - Starting...
2026-06-03 12:44:24  INFO 29324 --- [论坛系统] [main] com.zaxxer.hikari.pool.HikariPool        : HikariPool-1 - Added connection com.mysql.cj.jdbc.ConnectionImpl@3c116f26
2026-06-03 12:44:24  INFO 29324 --- [论坛系统] [main] com.zaxxer.hikari.HikariDataSource       : HikariPool-1 - Start completed.
2026-06-03 12:44:25 DEBUG 29324 --- [论坛系统] [main] c.b.f.d.A.selectByPrimaryKey             : ==>  Preparing: select id, boardId, userId, title, visitCount, replyCount, likeCount, state, deleteState, createTime, updateTime , content from t_article where id = ?
2026-06-03 12:44:25 DEBUG 29324 --- [论坛系统] [main] c.b.f.d.A.selectByPrimaryKey             : ==> Parameters: 7(Long)
2026-06-03 12:44:25 DEBUG 29324 --- [论坛系统] [main] c.b.f.d.A.selectByPrimaryKey             : <==      Total: 1
2026-06-03 12:44:25 DEBUG 29324 --- [论坛系统] [main] c.b.f.d.A.updateByPrimaryKeySelective    : ==>  Preparing: update t_article SET deleteState = ? where id = ?
2026-06-03 12:44:25 DEBUG 29324 --- [论坛系统] [main] c.b.f.d.A.updateByPrimaryKeySelective    : ==> Parameters: 1(Byte), 7(Long)
2026-06-03 12:44:25 DEBUG 29324 --- [论坛系统] [main] c.b.f.d.A.updateByPrimaryKeySelective    : <==    Updates: 1
2026-06-03 12:44:25 DEBUG 29324 --- [论坛系统] [main] c.b.f.d.BoardMapper.selectByPrimaryKey   : ==>  Preparing: select id, name, articleCount, sort, state, deleteState, createTime, updateTime from t_board where id = ?
2026-06-03 12:44:25 DEBUG 29324 --- [论坛系统] [main] c.b.f.d.BoardMapper.selectByPrimaryKey   : ==> Parameters: 1(Long)
2026-06-03 12:44:25 DEBUG 29324 --- [论坛系统] [main] c.b.f.d.BoardMapper.selectByPrimaryKey   : <==      Total: 1
2026-06-03 12:44:25 DEBUG 29324 --- [论坛系统] [main] c.b.f.d.B.updateByPrimaryKeySelective    : ==>  Preparing: update t_board SET articleCount = ? where id = ?
2026-06-03 12:44:25 DEBUG 29324 --- [论坛系统] [main] c.b.f.d.B.updateByPrimaryKeySelective    : ==> Parameters: 2(Integer), 1(Long)
2026-06-03 12:44:25 DEBUG 29324 --- [论坛系统] [main] c.b.f.d.B.updateByPrimaryKeySelective    : <==    Updates: 1
2026-06-03 12:44:25 DEBUG 29324 --- [论坛系统] [main] c.b.f.dao.UserMapper.selectByPrimaryKey  : ==>  Preparing: select id, username, password, nickname, phoneNum, email, gender, salt, avatarUrl, articleCount, isAdmin, remark, state, deleteState, createTime, updateTime from t_user where id = ?
2026-06-03 12:44:25 DEBUG 29324 --- [论坛系统] [main] c.b.f.dao.UserMapper.selectByPrimaryKey  : ==> Parameters: 19(Long)
2026-06-03 12:44:25 DEBUG 29324 --- [论坛系统] [main] c.b.f.dao.UserMapper.selectByPrimaryKey  : <==      Total: 1
2026-06-03 12:44:25 DEBUG 29324 --- [论坛系统] [main] c.b.f.d.U.updateByPrimaryKeySelective    : ==>  Preparing: update t_user SET articleCount = ? where id = ?
2026-06-03 12:44:25 DEBUG 29324 --- [论坛系统] [main] c.b.f.d.U.updateByPrimaryKeySelective    : ==> Parameters: 6(Integer), 19(Long)
2026-06-03 12:44:25 DEBUG 29324 --- [论坛系统] [main] c.b.f.d.U.updateByPrimaryKeySelective    : <==    Updates: 1
2026-06-03 12:44:25  INFO 29324 --- [论坛系统] [main] c.b.f.service.impl.ArticleServiceImpl    : code = 0, message = 操作成功. 被删除的article id = 7
2026-06-03 12:44:25 DEBUG 29324 --- [论坛系统] [main] c.b.f.d.A.selectByPrimaryKey             : ==>  Preparing: select id, boardId, userId, title, visitCount, replyCount, likeCount, state, deleteState, createTime, updateTime , content from t_article where id = ?
2026-06-03 12:44:25 DEBUG 29324 --- [论坛系统] [main] c.b.f.d.A.selectByPrimaryKey             : ==> Parameters: 7(Long)
2026-06-03 12:44:25 DEBUG 29324 --- [论坛系统] [main] c.b.f.d.A.selectByPrimaryKey             : <==      Total: 1
2026-06-03 12:44:25  INFO 29324 --- [论坛系统] [SpringApplicationShutdownHook] com.zaxxer.hikari.HikariDataSource       : HikariPool-1 - Shutdown initiated...
2026-06-03 12:44:25  INFO 29324 --- [论坛系统] [SpringApplicationShutdownHook] com.zaxxer.hikari.HikariDataSource       : HikariPool-1 - Shutdown completed.
2026-06-03 12:45:26  INFO 25928 --- [论坛系统] [restartedMain] com.bite.forum.ForumApplication          : Starting ForumApplication using Java 17.0.9 with PID 25928 (D:\项目学习Java\论坛系统\forum\forum\target\classes started by liangyuanzhang in D:\项目学习Java\论坛系统\forum\forum)
2026-06-03 12:45:26 DEBUG 25928 --- [论坛系统] [restartedMain] com.bite.forum.ForumApplication          : Running with Spring Boot v3.5.14, Spring v6.2.18
2026-06-03 12:45:26  INFO 25928 --- [论坛系统] [restartedMain] com.bite.forum.ForumApplication          : No active profile set, falling back to 1 default profile: "default"
2026-06-03 12:45:26  INFO 25928 --- [论坛系统] [restartedMain] .e.DevToolsPropertyDefaultsPostProcessor : Devtools property defaults active! Set 'spring.devtools.add-properties' to 'false' to disable
2026-06-03 12:45:26  INFO 25928 --- [论坛系统] [restartedMain] .e.DevToolsPropertyDefaultsPostProcessor : For additional web related logging consider setting the 'logging.level.web' property to 'DEBUG'
2026-06-03 12:45:26  INFO 25928 --- [论坛系统] [restartedMain] o.s.b.w.embedded.tomcat.TomcatWebServer  : Tomcat initialized with port 58080 (http)
2026-06-03 12:45:26  INFO 25928 --- [论坛系统] [restartedMain] o.apache.catalina.core.StandardService   : Starting service [Tomcat]
2026-06-03 12:45:26  INFO 25928 --- [论坛系统] [restartedMain] o.apache.catalina.core.StandardEngine    : Starting Servlet engine: [Apache Tomcat/10.1.54]
2026-06-03 12:45:27  INFO 25928 --- [论坛系统] [restartedMain] o.a.c.c.C.[Tomcat].[localhost].[/]       : Initializing Spring embedded WebApplicationContext
2026-06-03 12:45:27  INFO 25928 --- [论坛系统] [restartedMain] w.s.c.ServletWebServerApplicationContext : Root WebApplicationContext: initialization completed in 951 ms
2026-06-03 12:45:27  INFO 25928 --- [论坛系统] [restartedMain] o.s.b.a.w.s.WelcomePageHandlerMapping    : Adding welcome page: class path resource [static/index.html]
2026-06-03 12:45:27  INFO 25928 --- [论坛系统] [restartedMain] o.s.b.d.a.OptionalLiveReloadServer       : LiveReload server is running on port 35729
2026-06-03 12:45:27  INFO 25928 --- [论坛系统] [restartedMain] o.s.b.a.e.web.EndpointLinksResolver      : Exposing 1 endpoint beneath base path '/actuator'
2026-06-03 12:45:27  INFO 25928 --- [论坛系统] [restartedMain] o.s.b.w.embedded.tomcat.TomcatWebServer  : Tomcat started on port 58080 (http) with context path '/'
2026-06-03 12:45:27  INFO 25928 --- [论坛系统] [restartedMain] com.bite.forum.ForumApplication          : Started ForumApplication in 2.026 seconds (process running for 2.468)
2026-06-03 12:45:28  INFO 25928 --- [论坛系统] [RMI TCP Connection(2)-169.254.179.233] o.a.c.c.C.[Tomcat].[localhost].[/]       : Initializing Spring DispatcherServlet 'dispatcherServlet'
2026-06-03 12:45:28  INFO 25928 --- [论坛系统] [RMI TCP Connection(2)-169.254.179.233] o.s.web.servlet.DispatcherServlet        : Initializing Servlet 'dispatcherServlet'
2026-06-03 12:45:28  INFO 25928 --- [论坛系统] [RMI TCP Connection(1)-169.254.179.233] com.zaxxer.hikari.HikariDataSource       : HikariPool-1 - Starting...
2026-06-03 12:45:28  INFO 25928 --- [论坛系统] [RMI TCP Connection(2)-169.254.179.233] o.s.web.servlet.DispatcherServlet        : Completed initialization in 1 ms
2026-06-03 12:45:28  INFO 25928 --- [论坛系统] [RMI TCP Connection(1)-169.254.179.233] com.zaxxer.hikari.pool.HikariPool        : HikariPool-1 - Added connection com.mysql.cj.jdbc.ConnectionImpl@27d59532
2026-06-03 12:45:28  INFO 25928 --- [论坛系统] [RMI TCP Connection(1)-169.254.179.233] com.zaxxer.hikari.HikariDataSource       : HikariPool-1 - Start completed.
2026-06-03 12:45:39  INFO 25928 --- [论坛系统] [http-nio-58080-exec-9] o.springdoc.api.AbstractOpenApiResource  : Init duration for springdoc-openapi is: 201 ms
2026-06-03 12:48:49  INFO 25928 --- [论坛系统] [SpringApplicationShutdownHook] o.s.b.w.e.tomcat.GracefulShutdown        : Commencing graceful shutdown. Waiting for active requests to complete
2026-06-03 12:48:49  INFO 25928 --- [论坛系统] [tomcat-shutdown] o.s.b.w.e.tomcat.GracefulShutdown        : Graceful shutdown complete
2026-06-03 12:48:49  INFO 25928 --- [论坛系统] [SpringApplicationShutdownHook] com.zaxxer.hikari.HikariDataSource       : HikariPool-1 - Shutdown initiated...
2026-06-03 12:48:50  INFO 25928 --- [论坛系统] [SpringApplicationShutdownHook] com.zaxxer.hikari.HikariDataSource       : HikariPool-1 - Shutdown completed.
2026-06-03 12:48:52  INFO 9112 --- [论坛系统] [restartedMain] com.bite.forum.ForumApplication          : Starting ForumApplication using Java 17.0.9 with PID 9112 (D:\项目学习Java\论坛系统\forum\forum\target\classes started by liangyuanzhang in D:\项目学习Java\论坛系统\forum\forum)
2026-06-03 12:48:52 DEBUG 9112 --- [论坛系统] [restartedMain] com.bite.forum.ForumApplication          : Running with Spring Boot v3.5.14, Spring v6.2.18
2026-06-03 12:48:52  INFO 9112 --- [论坛系统] [restartedMain] com.bite.forum.ForumApplication          : No active profile set, falling back to 1 default profile: "default"
2026-06-03 12:48:52  INFO 9112 --- [论坛系统] [restartedMain] .e.DevToolsPropertyDefaultsPostProcessor : Devtools property defaults active! Set 'spring.devtools.add-properties' to 'false' to disable
2026-06-03 12:48:52  INFO 9112 --- [论坛系统] [restartedMain] .e.DevToolsPropertyDefaultsPostProcessor : For additional web related logging consider setting the 'logging.level.web' property to 'DEBUG'
2026-06-03 12:48:53  INFO 9112 --- [论坛系统] [restartedMain] o.s.b.w.embedded.tomcat.TomcatWebServer  : Tomcat initialized with port 58080 (http)
2026-06-03 12:48:53  INFO 9112 --- [论坛系统] [restartedMain] o.apache.catalina.core.StandardService   : Starting service [Tomcat]
2026-06-03 12:48:53  INFO 9112 --- [论坛系统] [restartedMain] o.apache.catalina.core.StandardEngine    : Starting Servlet engine: [Apache Tomcat/10.1.54]
2026-06-03 12:48:54  INFO 9112 --- [论坛系统] [restartedMain] o.a.c.c.C.[Tomcat].[localhost].[/]       : Initializing Spring embedded WebApplicationContext
2026-06-03 12:48:54  INFO 9112 --- [论坛系统] [restartedMain] w.s.c.ServletWebServerApplicationContext : Root WebApplicationContext: initialization completed in 1069 ms
2026-06-03 12:48:54  INFO 9112 --- [论坛系统] [restartedMain] o.s.b.a.w.s.WelcomePageHandlerMapping    : Adding welcome page: class path resource [static/index.html]
2026-06-03 12:48:54  INFO 9112 --- [论坛系统] [restartedMain] o.s.b.d.a.OptionalLiveReloadServer       : LiveReload server is running on port 35729
2026-06-03 12:48:54  INFO 9112 --- [论坛系统] [restartedMain] o.s.b.a.e.web.EndpointLinksResolver      : Exposing 1 endpoint beneath base path '/actuator'
2026-06-03 12:48:54  INFO 9112 --- [论坛系统] [restartedMain] o.s.b.w.embedded.tomcat.TomcatWebServer  : Tomcat started on port 58080 (http) with context path '/'
2026-06-03 12:48:54  INFO 9112 --- [论坛系统] [restartedMain] com.bite.forum.ForumApplication          : Started ForumApplication in 2.285 seconds (process running for 2.637)
2026-06-03 12:48:55  INFO 9112 --- [论坛系统] [RMI TCP Connection(2)-169.254.179.233] o.a.c.c.C.[Tomcat].[localhost].[/]       : Initializing Spring DispatcherServlet 'dispatcherServlet'
2026-06-03 12:48:55  INFO 9112 --- [论坛系统] [RMI TCP Connection(2)-169.254.179.233] o.s.web.servlet.DispatcherServlet        : Initializing Servlet 'dispatcherServlet'
2026-06-03 12:48:55  INFO 9112 --- [论坛系统] [RMI TCP Connection(1)-169.254.179.233] com.zaxxer.hikari.HikariDataSource       : HikariPool-1 - Starting...
2026-06-03 12:48:55  INFO 9112 --- [论坛系统] [RMI TCP Connection(2)-169.254.179.233] o.s.web.servlet.DispatcherServlet        : Completed initialization in 2 ms
2026-06-03 12:48:55  INFO 9112 --- [论坛系统] [RMI TCP Connection(1)-169.254.179.233] com.zaxxer.hikari.pool.HikariPool        : HikariPool-1 - Added connection com.mysql.cj.jdbc.ConnectionImpl@1a35a0c2
2026-06-03 12:48:55  INFO 9112 --- [论坛系统] [RMI TCP Connection(1)-169.254.179.233] com.zaxxer.hikari.HikariDataSource       : HikariPool-1 - Start completed.
2026-06-03 12:54:58  INFO 9112 --- [论坛系统] [http-nio-58080-exec-2] o.springdoc.api.AbstractOpenApiResource  : Init duration for springdoc-openapi is: 203 ms
2026-06-03 12:55:39 DEBUG 9112 --- [论坛系统] [http-nio-58080-exec-5] c.b.f.dao.UserMapper.selectByUserName    : ==>  Preparing: select id, username, password, nickname, phoneNum, email, gender, salt, avatarUrl, articleCount, isAdmin, remark, state, deleteState, createTime, updateTime from t_user where username = ?
2026-06-03 12:55:39 DEBUG 9112 --- [论坛系统] [http-nio-58080-exec-5] c.b.f.dao.UserMapper.selectByUserName    : ==> Parameters: test(String)
2026-06-03 12:55:39 DEBUG 9112 --- [论坛系统] [http-nio-58080-exec-5] c.b.f.dao.UserMapper.selectByUserName    : <==      Total: 1
2026-06-03 12:55:39  INFO 9112 --- [论坛系统] [http-nio-58080-exec-5] c.b.forum.service.impl.UserServiceImpl   : 用户登录成功. username = test
2026-06-03 12:55:39 DEBUG 9112 --- [论坛系统] [http-nio-58080-exec-7] c.b.forum.dao.BoardMapper.selectByNum    : ==>  Preparing: select id, name, articleCount, sort, state, deleteState, createTime, updateTime from t_board where deleteState = 0 and state = 0 order by sort asc limit ?
2026-06-03 12:55:39 DEBUG 9112 --- [论坛系统] [http-nio-58080-exec-7] c.b.forum.dao.BoardMapper.selectByNum    : ==> Parameters: 9(Integer)
2026-06-03 12:55:39 DEBUG 9112 --- [论坛系统] [http-nio-58080-exec-7] c.b.forum.dao.BoardMapper.selectByNum    : <==      Total: 9
2026-06-03 12:55:39 DEBUG 9112 --- [论坛系统] [http-nio-58080-exec-2] c.b.forum.dao.ArticleMapper.selectAll    : ==>  Preparing: select u.id as u_id, u.avatarUrl as u_avatarUrl, u.nickname as u_nickname, a.id, a.boardId, a.userId, a.title, a.visitCount, a.replyCount, a.likeCount, a.state, a.createTime, a.updateTime from t_article a, t_user u where a.userId = u.id and a.deleteState = 0 order by a.createTime desc limit 0, 100
2026-06-03 12:55:39 DEBUG 9112 --- [论坛系统] [http-nio-58080-exec-2] c.b.forum.dao.ArticleMapper.selectAll    : ==> Parameters: 
2026-06-03 12:55:39 DEBUG 9112 --- [论坛系统] [http-nio-58080-exec-2] c.b.forum.dao.ArticleMapper.selectAll    : <==      Total: 4
2026-06-03 12:56:02 DEBUG 9112 --- [论坛系统] [http-nio-58080-exec-1] c.b.f.dao.UserMapper.selectByUserName    : ==>  Preparing: select id, username, password, nickname, phoneNum, email, gender, salt, avatarUrl, articleCount, isAdmin, remark, state, deleteState, createTime, updateTime from t_user where username = ?
2026-06-03 12:56:02 DEBUG 9112 --- [论坛系统] [http-nio-58080-exec-1] c.b.f.dao.UserMapper.selectByUserName    : ==> Parameters: test(String)
2026-06-03 12:56:02 DEBUG 9112 --- [论坛系统] [http-nio-58080-exec-1] c.b.f.dao.UserMapper.selectByUserName    : <==      Total: 1
2026-06-03 12:56:02  INFO 9112 --- [论坛系统] [http-nio-58080-exec-1] c.b.forum.service.impl.UserServiceImpl   : 用户登录成功. username = test
2026-06-03 12:56:07 DEBUG 9112 --- [论坛系统] [http-nio-58080-exec-4] c.b.f.d.A.selectByPrimaryKey             : ==>  Preparing: select id, boardId, userId, title, visitCount, replyCount, likeCount, state, deleteState, createTime, updateTime , content from t_article where id = ?
2026-06-03 12:56:07 DEBUG 9112 --- [论坛系统] [http-nio-58080-exec-4] c.b.f.d.A.selectByPrimaryKey             : ==> Parameters: 8(Long)
2026-06-03 12:56:07 DEBUG 9112 --- [论坛系统] [http-nio-58080-exec-4] c.b.f.d.A.selectByPrimaryKey             : <==      Total: 1
2026-06-03 12:56:07 DEBUG 9112 --- [论坛系统] [http-nio-58080-exec-4] c.b.f.d.A.selectByPrimaryKey             : ==>  Preparing: select id, boardId, userId, title, visitCount, replyCount, likeCount, state, deleteState, createTime, updateTime , content from t_article where id = ?
2026-06-03 12:56:07 DEBUG 9112 --- [论坛系统] [http-nio-58080-exec-4] c.b.f.d.A.selectByPrimaryKey             : ==> Parameters: 8(Long)
2026-06-03 12:56:07 DEBUG 9112 --- [论坛系统] [http-nio-58080-exec-4] c.b.f.d.A.selectByPrimaryKey             : <==      Total: 1
2026-06-03 12:56:07 DEBUG 9112 --- [论坛系统] [http-nio-58080-exec-4] c.b.f.d.A.updateByPrimaryKeySelective    : ==>  Preparing: update t_article SET deleteState = ? where id = ?
2026-06-03 12:56:07 DEBUG 9112 --- [论坛系统] [http-nio-58080-exec-4] c.b.f.d.A.updateByPrimaryKeySelective    : ==> Parameters: 1(Byte), 8(Long)
2026-06-03 12:56:07 DEBUG 9112 --- [论坛系统] [http-nio-58080-exec-4] c.b.f.d.A.updateByPrimaryKeySelective    : <==    Updates: 1
2026-06-03 12:56:07 DEBUG 9112 --- [论坛系统] [http-nio-58080-exec-4] c.b.f.d.BoardMapper.selectByPrimaryKey   : ==>  Preparing: select id, name, articleCount, sort, state, deleteState, createTime, updateTime from t_board where id = ?
2026-06-03 12:56:07 DEBUG 9112 --- [论坛系统] [http-nio-58080-exec-4] c.b.f.d.BoardMapper.selectByPrimaryKey   : ==> Parameters: 1(Long)
2026-06-03 12:56:07 DEBUG 9112 --- [论坛系统] [http-nio-58080-exec-4] c.b.f.d.BoardMapper.selectByPrimaryKey   : <==      Total: 1
2026-06-03 12:56:07 DEBUG 9112 --- [论坛系统] [http-nio-58080-exec-4] c.b.f.d.B.updateByPrimaryKeySelective    : ==>  Preparing: update t_board SET articleCount = ? where id = ?
2026-06-03 12:56:07 DEBUG 9112 --- [论坛系统] [http-nio-58080-exec-4] c.b.f.d.B.updateByPrimaryKeySelective    : ==> Parameters: 2(Integer), 1(Long)
2026-06-03 12:56:07 DEBUG 9112 --- [论坛系统] [http-nio-58080-exec-4] c.b.f.d.B.updateByPrimaryKeySelective    : <==    Updates: 1
2026-06-03 12:56:07 DEBUG 9112 --- [论坛系统] [http-nio-58080-exec-4] c.b.f.dao.UserMapper.selectByPrimaryKey  : ==>  Preparing: select id, username, password, nickname, phoneNum, email, gender, salt, avatarUrl, articleCount, isAdmin, remark, state, deleteState, createTime, updateTime from t_user where id = ?
2026-06-03 12:56:07 DEBUG 9112 --- [论坛系统] [http-nio-58080-exec-4] c.b.f.dao.UserMapper.selectByPrimaryKey  : ==> Parameters: 19(Long)
2026-06-03 12:56:07 DEBUG 9112 --- [论坛系统] [http-nio-58080-exec-4] c.b.f.dao.UserMapper.selectByPrimaryKey  : <==      Total: 1
2026-06-03 12:56:07 DEBUG 9112 --- [论坛系统] [http-nio-58080-exec-4] c.b.f.d.U.updateByPrimaryKeySelective    : ==>  Preparing: update t_user SET articleCount = ? where id = ?
2026-06-03 12:56:07 DEBUG 9112 --- [论坛系统] [http-nio-58080-exec-4] c.b.f.d.U.updateByPrimaryKeySelective    : ==> Parameters: 6(Integer), 19(Long)
2026-06-03 12:56:07 DEBUG 9112 --- [论坛系统] [http-nio-58080-exec-4] c.b.f.d.U.updateByPrimaryKeySelective    : <==    Updates: 1
2026-06-03 12:56:07  INFO 9112 --- [论坛系统] [http-nio-58080-exec-4] c.b.f.service.impl.ArticleServiceImpl    : code = 0, message = 操作成功. 被删除的article id = 8
2026-06-03 12:56:09 DEBUG 9112 --- [论坛系统] [http-nio-58080-exec-8] c.b.forum.dao.BoardMapper.selectByNum    : ==>  Preparing: select id, name, articleCount, sort, state, deleteState, createTime, updateTime from t_board where deleteState = 0 and state = 0 order by sort asc limit ?
2026-06-03 12:56:09 DEBUG 9112 --- [论坛系统] [http-nio-58080-exec-8] c.b.forum.dao.BoardMapper.selectByNum    : ==> Parameters: 9(Integer)
2026-06-03 12:56:09 DEBUG 9112 --- [论坛系统] [http-nio-58080-exec-8] c.b.forum.dao.BoardMapper.selectByNum    : <==      Total: 9
2026-06-03 12:56:09 DEBUG 9112 --- [论坛系统] [http-nio-58080-exec-4] c.b.forum.dao.ArticleMapper.selectAll    : ==>  Preparing: select u.id as u_id, u.avatarUrl as u_avatarUrl, u.nickname as u_nickname, a.id, a.boardId, a.userId, a.title, a.visitCount, a.replyCount, a.likeCount, a.state, a.createTime, a.updateTime from t_article a, t_user u where a.userId = u.id and a.deleteState = 0 order by a.createTime desc limit 0, 100
2026-06-03 12:56:09 DEBUG 9112 --- [论坛系统] [http-nio-58080-exec-4] c.b.forum.dao.ArticleMapper.selectAll    : ==> Parameters: 
2026-06-03 12:56:09 DEBUG 9112 --- [论坛系统] [http-nio-58080-exec-4] c.b.forum.dao.ArticleMapper.selectAll    : <==      Total: 3
2026-06-03 13:20:05  INFO 9112 --- [论坛系统] [SpringApplicationShutdownHook] o.s.b.w.e.tomcat.GracefulShutdown        : Commencing graceful shutdown. Waiting for active requests to complete
2026-06-03 13:20:05  INFO 9112 --- [论坛系统] [tomcat-shutdown] o.s.b.w.e.tomcat.GracefulShutdown        : Graceful shutdown complete
2026-06-03 13:20:05  INFO 9112 --- [论坛系统] [SpringApplicationShutdownHook] com.zaxxer.hikari.HikariDataSource       : HikariPool-1 - Shutdown initiated...
2026-06-03 13:20:05  INFO 9112 --- [论坛系统] [SpringApplicationShutdownHook] com.zaxxer.hikari.HikariDataSource       : HikariPool-1 - Shutdown completed.
2026-06-03 14:30:04  INFO 19440 --- [论坛系统] [restartedMain] com.bite.forum.ForumApplication          : Starting ForumApplication using Java 17.0.9 with PID 19440 (D:\项目学习Java\论坛系统\forum\forum\target\classes started by liangyuanzhang in D:\项目学习Java\论坛系统\forum\forum)
2026-06-03 14:30:04 DEBUG 19440 --- [论坛系统] [restartedMain] com.bite.forum.ForumApplication          : Running with Spring Boot v3.5.14, Spring v6.2.18
2026-06-03 14:30:04  INFO 19440 --- [论坛系统] [restartedMain] com.bite.forum.ForumApplication          : No active profile set, falling back to 1 default profile: "default"
2026-06-03 14:30:04  INFO 19440 --- [论坛系统] [restartedMain] .e.DevToolsPropertyDefaultsPostProcessor : Devtools property defaults active! Set 'spring.devtools.add-properties' to 'false' to disable
2026-06-03 14:30:04  INFO 19440 --- [论坛系统] [restartedMain] .e.DevToolsPropertyDefaultsPostProcessor : For additional web related logging consider setting the 'logging.level.web' property to 'DEBUG'
2026-06-03 14:30:05  INFO 19440 --- [论坛系统] [restartedMain] o.s.b.w.embedded.tomcat.TomcatWebServer  : Tomcat initialized with port 58080 (http)
2026-06-03 14:30:05  INFO 19440 --- [论坛系统] [restartedMain] o.apache.catalina.core.StandardService   : Starting service [Tomcat]
2026-06-03 14:30:05  INFO 19440 --- [论坛系统] [restartedMain] o.apache.catalina.core.StandardEngine    : Starting Servlet engine: [Apache Tomcat/10.1.54]
2026-06-03 14:30:05  INFO 19440 --- [论坛系统] [restartedMain] o.a.c.c.C.[Tomcat].[localhost].[/]       : Initializing Spring embedded WebApplicationContext
2026-06-03 14:30:05  INFO 19440 --- [论坛系统] [restartedMain] w.s.c.ServletWebServerApplicationContext : Root WebApplicationContext: initialization completed in 961 ms
2026-06-03 14:30:05  INFO 19440 --- [论坛系统] [restartedMain] o.s.b.a.w.s.WelcomePageHandlerMapping    : Adding welcome page: class path resource [static/index.html]
2026-06-03 14:30:06  INFO 19440 --- [论坛系统] [restartedMain] o.s.b.d.a.OptionalLiveReloadServer       : LiveReload server is running on port 35729
2026-06-03 14:30:06  INFO 19440 --- [论坛系统] [restartedMain] o.s.b.a.e.web.EndpointLinksResolver      : Exposing 1 endpoint beneath base path '/actuator'
2026-06-03 14:30:06  INFO 19440 --- [论坛系统] [restartedMain] o.s.b.w.embedded.tomcat.TomcatWebServer  : Tomcat started on port 58080 (http) with context path '/'
2026-06-03 14:30:06  INFO 19440 --- [论坛系统] [restartedMain] com.bite.forum.ForumApplication          : Started ForumApplication in 2.119 seconds (process running for 2.566)
2026-06-03 14:30:06  INFO 19440 --- [论坛系统] [RMI TCP Connection(2)-169.254.179.233] o.a.c.c.C.[Tomcat].[localhost].[/]       : Initializing Spring DispatcherServlet 'dispatcherServlet'
2026-06-03 14:30:06  INFO 19440 --- [论坛系统] [RMI TCP Connection(2)-169.254.179.233] o.s.web.servlet.DispatcherServlet        : Initializing Servlet 'dispatcherServlet'
2026-06-03 14:30:06  INFO 19440 --- [论坛系统] [RMI TCP Connection(2)-169.254.179.233] o.s.web.servlet.DispatcherServlet        : Completed initialization in 2 ms
2026-06-03 14:30:06  INFO 19440 --- [论坛系统] [RMI TCP Connection(4)-169.254.179.233] com.zaxxer.hikari.HikariDataSource       : HikariPool-1 - Starting...
2026-06-03 14:30:06  INFO 19440 --- [论坛系统] [RMI TCP Connection(4)-169.254.179.233] com.zaxxer.hikari.pool.HikariPool        : HikariPool-1 - Added connection com.mysql.cj.jdbc.ConnectionImpl@1fc3ba1c
2026-06-03 14:30:06  INFO 19440 --- [论坛系统] [RMI TCP Connection(4)-169.254.179.233] com.zaxxer.hikari.HikariDataSource       : HikariPool-1 - Start completed.
2026-06-03 14:30:09  INFO 19440 --- [论坛系统] [http-nio-58080-exec-4] o.springdoc.api.AbstractOpenApiResource  : Init duration for springdoc-openapi is: 195 ms
2026-06-03 14:30:20 DEBUG 19440 --- [论坛系统] [http-nio-58080-exec-7] c.b.f.dao.UserMapper.selectByUserName    : ==>  Preparing: select id, username, password, nickname, phoneNum, email, gender, salt, avatarUrl, articleCount, isAdmin, remark, state, deleteState, createTime, updateTime from t_user where username = ?
2026-06-03 14:30:20 DEBUG 19440 --- [论坛系统] [http-nio-58080-exec-7] c.b.f.dao.UserMapper.selectByUserName    : ==> Parameters: test(String)
2026-06-03 14:30:20 DEBUG 19440 --- [论坛系统] [http-nio-58080-exec-7] c.b.f.dao.UserMapper.selectByUserName    : <==      Total: 1
2026-06-03 14:30:20  INFO 19440 --- [论坛系统] [http-nio-58080-exec-7] c.b.forum.service.impl.UserServiceImpl   : 用户登录成功. username = test
2026-06-03 14:30:43 DEBUG 19440 --- [论坛系统] [http-nio-58080-exec-5] c.b.f.d.A.selectByPrimaryKey             : ==>  Preparing: select id, boardId, userId, title, visitCount, replyCount, likeCount, state, deleteState, createTime, updateTime , content from t_article where id = ?
2026-06-03 14:30:43 DEBUG 19440 --- [论坛系统] [http-nio-58080-exec-5] c.b.f.d.A.selectByPrimaryKey             : ==> Parameters: 8(Long)
2026-06-03 14:30:43 DEBUG 19440 --- [论坛系统] [http-nio-58080-exec-5] c.b.f.d.A.selectByPrimaryKey             : <==      Total: 1
2026-06-03 14:30:43 DEBUG 19440 --- [论坛系统] [http-nio-58080-exec-5] c.b.f.d.A.selectByPrimaryKey             : ==>  Preparing: select id, boardId, userId, title, visitCount, replyCount, likeCount, state, deleteState, createTime, updateTime , content from t_article where id = ?
2026-06-03 14:30:43 DEBUG 19440 --- [论坛系统] [http-nio-58080-exec-5] c.b.f.d.A.selectByPrimaryKey             : ==> Parameters: 8(Long)
2026-06-03 14:30:43 DEBUG 19440 --- [论坛系统] [http-nio-58080-exec-5] c.b.f.d.A.selectByPrimaryKey             : <==      Total: 1
2026-06-03 14:30:43  WARN 19440 --- [论坛系统] [http-nio-58080-exec-5] c.b.f.service.impl.ArticleServiceImpl    : code = 1301, message = 帖子不存在. article id = 8
2026-06-03 14:30:43 ERROR 19440 --- [论坛系统] [http-nio-58080-exec-5] c.b.f.exception.GlobalExceptionHandler   : 帖子不存在
2026-06-03 14:30:43  WARN 19440 --- [论坛系统] [http-nio-58080-exec-5] .m.m.a.ExceptionHandlerExceptionResolver : Resolved [com.bite.forum.exception.ApplicationException: 帖子不存在]
2026-06-03 14:31:05 DEBUG 19440 --- [论坛系统] [http-nio-58080-exec-9] c.b.f.d.A.selectByPrimaryKey             : ==>  Preparing: select id, boardId, userId, title, visitCount, replyCount, likeCount, state, deleteState, createTime, updateTime , content from t_article where id = ?
2026-06-03 14:31:05 DEBUG 19440 --- [论坛系统] [http-nio-58080-exec-9] c.b.f.d.A.selectByPrimaryKey             : ==> Parameters: 7(Long)
2026-06-03 14:31:05 DEBUG 19440 --- [论坛系统] [http-nio-58080-exec-9] c.b.f.d.A.selectByPrimaryKey             : <==      Total: 1
2026-06-03 14:31:05 DEBUG 19440 --- [论坛系统] [http-nio-58080-exec-9] c.b.f.d.A.selectByPrimaryKey             : ==>  Preparing: select id, boardId, userId, title, visitCount, replyCount, likeCount, state, deleteState, createTime, updateTime , content from t_article where id = ?
2026-06-03 14:31:05 DEBUG 19440 --- [论坛系统] [http-nio-58080-exec-9] c.b.f.d.A.selectByPrimaryKey             : ==> Parameters: 7(Long)
2026-06-03 14:31:05 DEBUG 19440 --- [论坛系统] [http-nio-58080-exec-9] c.b.f.d.A.selectByPrimaryKey             : <==      Total: 1
2026-06-03 14:31:05 DEBUG 19440 --- [论坛系统] [http-nio-58080-exec-9] c.b.f.d.A.updateByPrimaryKeySelective    : ==>  Preparing: update t_article SET deleteState = ? where id = ?
2026-06-03 14:31:05 DEBUG 19440 --- [论坛系统] [http-nio-58080-exec-9] c.b.f.d.A.updateByPrimaryKeySelective    : ==> Parameters: 1(Byte), 7(Long)
2026-06-03 14:31:05 DEBUG 19440 --- [论坛系统] [http-nio-58080-exec-9] c.b.f.d.A.updateByPrimaryKeySelective    : <==    Updates: 1
2026-06-03 14:31:05 DEBUG 19440 --- [论坛系统] [http-nio-58080-exec-9] c.b.f.d.BoardMapper.selectByPrimaryKey   : ==>  Preparing: select id, name, articleCount, sort, state, deleteState, createTime, updateTime from t_board where id = ?
2026-06-03 14:31:05 DEBUG 19440 --- [论坛系统] [http-nio-58080-exec-9] c.b.f.d.BoardMapper.selectByPrimaryKey   : ==> Parameters: 1(Long)
2026-06-03 14:31:05 DEBUG 19440 --- [论坛系统] [http-nio-58080-exec-9] c.b.f.d.BoardMapper.selectByPrimaryKey   : <==      Total: 1
2026-06-03 14:31:05 DEBUG 19440 --- [论坛系统] [http-nio-58080-exec-9] c.b.f.d.B.updateByPrimaryKeySelective    : ==>  Preparing: update t_board SET articleCount = ? where id = ?
2026-06-03 14:31:05 DEBUG 19440 --- [论坛系统] [http-nio-58080-exec-9] c.b.f.d.B.updateByPrimaryKeySelective    : ==> Parameters: 1(Integer), 1(Long)
2026-06-03 14:31:05 DEBUG 19440 --- [论坛系统] [http-nio-58080-exec-9] c.b.f.d.B.updateByPrimaryKeySelective    : <==    Updates: 1
2026-06-03 14:31:05 DEBUG 19440 --- [论坛系统] [http-nio-58080-exec-9] c.b.f.dao.UserMapper.selectByPrimaryKey  : ==>  Preparing: select id, username, password, nickname, phoneNum, email, gender, salt, avatarUrl, articleCount, isAdmin, remark, state, deleteState, createTime, updateTime from t_user where id = ?
2026-06-03 14:31:05 DEBUG 19440 --- [论坛系统] [http-nio-58080-exec-9] c.b.f.dao.UserMapper.selectByPrimaryKey  : ==> Parameters: 19(Long)
2026-06-03 14:31:05 DEBUG 19440 --- [论坛系统] [http-nio-58080-exec-9] c.b.f.dao.UserMapper.selectByPrimaryKey  : <==      Total: 1
2026-06-03 14:31:05 DEBUG 19440 --- [论坛系统] [http-nio-58080-exec-9] c.b.f.d.U.updateByPrimaryKeySelective    : ==>  Preparing: update t_user SET articleCount = ? where id = ?
2026-06-03 14:31:05 DEBUG 19440 --- [论坛系统] [http-nio-58080-exec-9] c.b.f.d.U.updateByPrimaryKeySelective    : ==> Parameters: 5(Integer), 19(Long)
2026-06-03 14:31:05 DEBUG 19440 --- [论坛系统] [http-nio-58080-exec-9] c.b.f.d.U.updateByPrimaryKeySelective    : <==    Updates: 1
2026-06-03 14:31:05  INFO 19440 --- [论坛系统] [http-nio-58080-exec-9] c.b.f.service.impl.ArticleServiceImpl    : code = 0, message = 操作成功. 被删除的article id = 7
2026-06-03 14:31:42 DEBUG 19440 --- [论坛系统] [http-nio-58080-exec-8] c.b.f.dao.UserMapper.selectByUserName    : ==>  Preparing: select id, username, password, nickname, phoneNum, email, gender, salt, avatarUrl, articleCount, isAdmin, remark, state, deleteState, createTime, updateTime from t_user where username = ?
2026-06-03 14:31:42 DEBUG 19440 --- [论坛系统] [http-nio-58080-exec-8] c.b.f.dao.UserMapper.selectByUserName    : ==> Parameters: test(String)
2026-06-03 14:31:42 DEBUG 19440 --- [论坛系统] [http-nio-58080-exec-8] c.b.f.dao.UserMapper.selectByUserName    : <==      Total: 1
2026-06-03 14:31:42  INFO 19440 --- [论坛系统] [http-nio-58080-exec-8] c.b.forum.service.impl.UserServiceImpl   : 用户登录成功. username = test
2026-06-03 14:31:42 DEBUG 19440 --- [论坛系统] [http-nio-58080-exec-7] c.b.forum.dao.BoardMapper.selectByNum    : ==>  Preparing: select id, name, articleCount, sort, state, deleteState, createTime, updateTime from t_board where deleteState = 0 and state = 0 order by sort asc limit ?
2026-06-03 14:31:42 DEBUG 19440 --- [论坛系统] [http-nio-58080-exec-7] c.b.forum.dao.BoardMapper.selectByNum    : ==> Parameters: 9(Integer)
2026-06-03 14:31:42 DEBUG 19440 --- [论坛系统] [http-nio-58080-exec-7] c.b.forum.dao.BoardMapper.selectByNum    : <==      Total: 9
2026-06-03 14:31:42 DEBUG 19440 --- [论坛系统] [http-nio-58080-exec-8] c.b.forum.dao.ArticleMapper.selectAll    : ==>  Preparing: select u.id as u_id, u.avatarUrl as u_avatarUrl, u.nickname as u_nickname, a.id, a.boardId, a.userId, a.title, a.visitCount, a.replyCount, a.likeCount, a.state, a.createTime, a.updateTime from t_article a, t_user u where a.userId = u.id and a.deleteState = 0 order by a.createTime desc limit 0, 100
2026-06-03 14:31:42 DEBUG 19440 --- [论坛系统] [http-nio-58080-exec-8] c.b.forum.dao.ArticleMapper.selectAll    : ==> Parameters: 
2026-06-03 14:31:42 DEBUG 19440 --- [论坛系统] [http-nio-58080-exec-8] c.b.forum.dao.ArticleMapper.selectAll    : <==      Total: 4
2026-06-03 14:31:43 DEBUG 19440 --- [论坛系统] [http-nio-58080-exec-7] c.b.forum.dao.BoardMapper.selectByNum    : ==>  Preparing: select id, name, articleCount, sort, state, deleteState, createTime, updateTime from t_board where deleteState = 0 and state = 0 order by sort asc limit ?
2026-06-03 14:31:43 DEBUG 19440 --- [论坛系统] [http-nio-58080-exec-7] c.b.forum.dao.BoardMapper.selectByNum    : ==> Parameters: 9(Integer)
2026-06-03 14:31:43 DEBUG 19440 --- [论坛系统] [http-nio-58080-exec-7] c.b.forum.dao.BoardMapper.selectByNum    : <==      Total: 9
2026-06-03 14:31:43 DEBUG 19440 --- [论坛系统] [http-nio-58080-exec-1] c.b.forum.dao.ArticleMapper.selectAll    : ==>  Preparing: select u.id as u_id, u.avatarUrl as u_avatarUrl, u.nickname as u_nickname, a.id, a.boardId, a.userId, a.title, a.visitCount, a.replyCount, a.likeCount, a.state, a.createTime, a.updateTime from t_article a, t_user u where a.userId = u.id and a.deleteState = 0 order by a.createTime desc limit 0, 100
2026-06-03 14:31:43 DEBUG 19440 --- [论坛系统] [http-nio-58080-exec-1] c.b.forum.dao.ArticleMapper.selectAll    : ==> Parameters: 
2026-06-03 14:31:43 DEBUG 19440 --- [论坛系统] [http-nio-58080-exec-1] c.b.forum.dao.ArticleMapper.selectAll    : <==      Total: 4
2026-06-03 14:31:49 DEBUG 19440 --- [论坛系统] [http-nio-58080-exec-3] c.b.f.d.ArticleMapper.selectDetailById   : ==>  Preparing: select u.id as u_id, u.avatarUrl as u_avatarUrl, u.nickname as u_nickname, u.gender as u_gender, u.isAdmin as u_isAdmin, u.state as u_state, u.deleteState as u_deleteState, b.id as b_id, b.name as b_name, b.state as b_state, b.deleteState as b_deleteState, a.id, a.boardId, a.userId, a.title, a.content, a.visitCount, a.replyCount, a.likeCount, a.state, a.createTime, a.updateTime from t_article a, t_user u, t_board b where a.userId = u.id and a.boardId = b.id and a.deleteState = 0 and a.id = ?
2026-06-03 14:31:49 DEBUG 19440 --- [论坛系统] [http-nio-58080-exec-3] c.b.f.d.ArticleMapper.selectDetailById   : ==> Parameters: 10(Long)
2026-06-03 14:31:49 DEBUG 19440 --- [论坛系统] [http-nio-58080-exec-3] c.b.f.d.ArticleMapper.selectDetailById   : <==      Total: 1
2026-06-03 14:31:49 DEBUG 19440 --- [论坛系统] [http-nio-58080-exec-3] c.b.f.d.A.updateByPrimaryKeySelective    : ==>  Preparing: update t_article SET visitCount = ? where id = ?
2026-06-03 14:31:49 DEBUG 19440 --- [论坛系统] [http-nio-58080-exec-3] c.b.f.d.A.updateByPrimaryKeySelective    : ==> Parameters: 18(Integer), 10(Long)
2026-06-03 14:31:49 DEBUG 19440 --- [论坛系统] [http-nio-58080-exec-3] c.b.f.d.A.updateByPrimaryKeySelective    : <==    Updates: 1
2026-06-03 14:31:51 DEBUG 19440 --- [论坛系统] [http-nio-58080-exec-6] c.b.forum.dao.ArticleMapper.selectAll    : ==>  Preparing: select u.id as u_id, u.avatarUrl as u_avatarUrl, u.nickname as u_nickname, a.id, a.boardId, a.userId, a.title, a.visitCount, a.replyCount, a.likeCount, a.state, a.createTime, a.updateTime from t_article a, t_user u where a.userId = u.id and a.deleteState = 0 order by a.createTime desc limit 0, 100
2026-06-03 14:31:51 DEBUG 19440 --- [论坛系统] [http-nio-58080-exec-6] c.b.forum.dao.ArticleMapper.selectAll    : ==> Parameters: 
2026-06-03 14:31:51 DEBUG 19440 --- [论坛系统] [http-nio-58080-exec-6] c.b.forum.dao.ArticleMapper.selectAll    : <==      Total: 4
2026-06-03 14:31:51 DEBUG 19440 --- [论坛系统] [http-nio-58080-exec-8] c.b.f.d.ArticleMapper.selectDetailById   : ==>  Preparing: select u.id as u_id, u.avatarUrl as u_avatarUrl, u.nickname as u_nickname, u.gender as u_gender, u.isAdmin as u_isAdmin, u.state as u_state, u.deleteState as u_deleteState, b.id as b_id, b.name as b_name, b.state as b_state, b.deleteState as b_deleteState, a.id, a.boardId, a.userId, a.title, a.content, a.visitCount, a.replyCount, a.likeCount, a.state, a.createTime, a.updateTime from t_article a, t_user u, t_board b where a.userId = u.id and a.boardId = b.id and a.deleteState = 0 and a.id = ?
2026-06-03 14:31:51 DEBUG 19440 --- [论坛系统] [http-nio-58080-exec-8] c.b.f.d.ArticleMapper.selectDetailById   : ==> Parameters: 9(Long)
2026-06-03 14:31:51 DEBUG 19440 --- [论坛系统] [http-nio-58080-exec-8] c.b.f.d.ArticleMapper.selectDetailById   : <==      Total: 1
2026-06-03 14:31:51 DEBUG 19440 --- [论坛系统] [http-nio-58080-exec-8] c.b.f.d.A.updateByPrimaryKeySelective    : ==>  Preparing: update t_article SET visitCount = ? where id = ?
2026-06-03 14:31:51 DEBUG 19440 --- [论坛系统] [http-nio-58080-exec-8] c.b.f.d.A.updateByPrimaryKeySelective    : ==> Parameters: 49(Integer), 9(Long)
2026-06-03 14:31:51 DEBUG 19440 --- [论坛系统] [http-nio-58080-exec-8] c.b.f.d.A.updateByPrimaryKeySelective    : <==    Updates: 1
2026-06-03 14:31:56 DEBUG 19440 --- [论坛系统] [http-nio-58080-exec-3] c.b.f.d.ArticleMapper.selectDetailById   : ==>  Preparing: select u.id as u_id, u.avatarUrl as u_avatarUrl, u.nickname as u_nickname, u.gender as u_gender, u.isAdmin as u_isAdmin, u.state as u_state, u.deleteState as u_deleteState, b.id as b_id, b.name as b_name, b.state as b_state, b.deleteState as b_deleteState, a.id, a.boardId, a.userId, a.title, a.content, a.visitCount, a.replyCount, a.likeCount, a.state, a.createTime, a.updateTime from t_article a, t_user u, t_board b where a.userId = u.id and a.boardId = b.id and a.deleteState = 0 and a.id = ?
2026-06-03 14:31:56 DEBUG 19440 --- [论坛系统] [http-nio-58080-exec-3] c.b.f.d.ArticleMapper.selectDetailById   : ==> Parameters: 9(Long)
2026-06-03 14:31:56 DEBUG 19440 --- [论坛系统] [http-nio-58080-exec-3] c.b.f.d.ArticleMapper.selectDetailById   : <==      Total: 1
2026-06-03 14:31:56 DEBUG 19440 --- [论坛系统] [http-nio-58080-exec-3] c.b.f.d.A.updateByPrimaryKeySelective    : ==>  Preparing: update t_article SET visitCount = ? where id = ?
2026-06-03 14:31:56 DEBUG 19440 --- [论坛系统] [http-nio-58080-exec-3] c.b.f.d.A.updateByPrimaryKeySelective    : ==> Parameters: 50(Integer), 9(Long)
2026-06-03 14:31:56 DEBUG 19440 --- [论坛系统] [http-nio-58080-exec-3] c.b.f.d.A.updateByPrimaryKeySelective    : <==    Updates: 1
2026-06-03 14:32:00 DEBUG 19440 --- [论坛系统] [http-nio-58080-exec-3] c.b.f.d.A.selectByPrimaryKey             : ==>  Preparing: select id, boardId, userId, title, visitCount, replyCount, likeCount, state, deleteState, createTime, updateTime , content from t_article where id = ?
2026-06-03 14:32:00 DEBUG 19440 --- [论坛系统] [http-nio-58080-exec-3] c.b.f.d.A.selectByPrimaryKey             : ==> Parameters: 9(Long)
2026-06-03 14:32:00 DEBUG 19440 --- [论坛系统] [http-nio-58080-exec-3] c.b.f.d.A.selectByPrimaryKey             : <==      Total: 1
2026-06-03 14:32:00 DEBUG 19440 --- [论坛系统] [http-nio-58080-exec-3] c.b.f.d.A.updateByPrimaryKeySelective    : ==>  Preparing: update t_article SET title = ?, updateTime = ?, content = ? where id = ?
2026-06-03 14:32:00 DEBUG 19440 --- [论坛系统] [http-nio-58080-exec-3] c.b.f.d.A.updateByPrimaryKeySelective    : ==> Parameters: 灌水123test(String), 2026-06-03 14:32:00.179(Timestamp), sdfghuijkl(String), 9(Long)
2026-06-03 14:32:00 DEBUG 19440 --- [论坛系统] [http-nio-58080-exec-3] c.b.f.d.A.updateByPrimaryKeySelective    : <==    Updates: 1
2026-06-03 14:32:00  INFO 19440 --- [论坛系统] [http-nio-58080-exec-3] c.b.forum.controller.ArticleController   : 修改帖子成功，帖子id = 9, User id = 19
2026-06-03 14:32:00 DEBUG 19440 --- [论坛系统] [http-nio-58080-exec-9] c.b.forum.dao.ArticleMapper.selectAll    : ==>  Preparing: select u.id as u_id, u.avatarUrl as u_avatarUrl, u.nickname as u_nickname, a.id, a.boardId, a.userId, a.title, a.visitCount, a.replyCount, a.likeCount, a.state, a.createTime, a.updateTime from t_article a, t_user u where a.userId = u.id and a.deleteState = 0 order by a.createTime desc limit 0, 100
2026-06-03 14:32:00 DEBUG 19440 --- [论坛系统] [http-nio-58080-exec-9] c.b.forum.dao.ArticleMapper.selectAll    : ==> Parameters: 
2026-06-03 14:32:00 DEBUG 19440 --- [论坛系统] [http-nio-58080-exec-9] c.b.forum.dao.ArticleMapper.selectAll    : <==      Total: 4
2026-06-03 14:32:01 DEBUG 19440 --- [论坛系统] [http-nio-58080-exec-10] c.b.f.d.ArticleMapper.selectDetailById   : ==>  Preparing: select u.id as u_id, u.avatarUrl as u_avatarUrl, u.nickname as u_nickname, u.gender as u_gender, u.isAdmin as u_isAdmin, u.state as u_state, u.deleteState as u_deleteState, b.id as b_id, b.name as b_name, b.state as b_state, b.deleteState as b_deleteState, a.id, a.boardId, a.userId, a.title, a.content, a.visitCount, a.replyCount, a.likeCount, a.state, a.createTime, a.updateTime from t_article a, t_user u, t_board b where a.userId = u.id and a.boardId = b.id and a.deleteState = 0 and a.id = ?
2026-06-03 14:32:01 DEBUG 19440 --- [论坛系统] [http-nio-58080-exec-10] c.b.f.d.ArticleMapper.selectDetailById   : ==> Parameters: 9(Long)
2026-06-03 14:32:01 DEBUG 19440 --- [论坛系统] [http-nio-58080-exec-10] c.b.f.d.ArticleMapper.selectDetailById   : <==      Total: 1
2026-06-03 14:32:01 DEBUG 19440 --- [论坛系统] [http-nio-58080-exec-10] c.b.f.d.A.updateByPrimaryKeySelective    : ==>  Preparing: update t_article SET visitCount = ? where id = ?
2026-06-03 14:32:01 DEBUG 19440 --- [论坛系统] [http-nio-58080-exec-10] c.b.f.d.A.updateByPrimaryKeySelective    : ==> Parameters: 51(Integer), 9(Long)
2026-06-03 14:32:01 DEBUG 19440 --- [论坛系统] [http-nio-58080-exec-10] c.b.f.d.A.updateByPrimaryKeySelective    : <==    Updates: 1
2026-06-03 14:32:04 DEBUG 19440 --- [论坛系统] [http-nio-58080-exec-4] c.b.forum.dao.ArticleMapper.selectAll    : ==>  Preparing: select u.id as u_id, u.avatarUrl as u_avatarUrl, u.nickname as u_nickname, a.id, a.boardId, a.userId, a.title, a.visitCount, a.replyCount, a.likeCount, a.state, a.createTime, a.updateTime from t_article a, t_user u where a.userId = u.id and a.deleteState = 0 order by a.createTime desc limit 0, 100
2026-06-03 14:32:04 DEBUG 19440 --- [论坛系统] [http-nio-58080-exec-4] c.b.forum.dao.ArticleMapper.selectAll    : ==> Parameters: 
2026-06-03 14:32:04 DEBUG 19440 --- [论坛系统] [http-nio-58080-exec-4] c.b.forum.dao.ArticleMapper.selectAll    : <==      Total: 4
2026-06-03 14:32:22 DEBUG 19440 --- [论坛系统] [http-nio-58080-exec-6] c.b.f.d.ArticleMapper.selectDetailById   : ==>  Preparing: select u.id as u_id, u.avatarUrl as u_avatarUrl, u.nickname as u_nickname, u.gender as u_gender, u.isAdmin as u_isAdmin, u.state as u_state, u.deleteState as u_deleteState, b.id as b_id, b.name as b_name, b.state as b_state, b.deleteState as b_deleteState, a.id, a.boardId, a.userId, a.title, a.content, a.visitCount, a.replyCount, a.likeCount, a.state, a.createTime, a.updateTime from t_article a, t_user u, t_board b where a.userId = u.id and a.boardId = b.id and a.deleteState = 0 and a.id = ?
2026-06-03 14:32:22 DEBUG 19440 --- [论坛系统] [http-nio-58080-exec-6] c.b.f.d.ArticleMapper.selectDetailById   : ==> Parameters: 9(Long)
2026-06-03 14:32:22 DEBUG 19440 --- [论坛系统] [http-nio-58080-exec-6] c.b.f.d.ArticleMapper.selectDetailById   : <==      Total: 1
2026-06-03 14:32:22 DEBUG 19440 --- [论坛系统] [http-nio-58080-exec-6] c.b.f.d.A.updateByPrimaryKeySelective    : ==>  Preparing: update t_article SET visitCount = ? where id = ?
2026-06-03 14:32:22 DEBUG 19440 --- [论坛系统] [http-nio-58080-exec-6] c.b.f.d.A.updateByPrimaryKeySelective    : ==> Parameters: 52(Integer), 9(Long)
2026-06-03 14:32:22 DEBUG 19440 --- [论坛系统] [http-nio-58080-exec-6] c.b.f.d.A.updateByPrimaryKeySelective    : <==    Updates: 1
2026-06-03 14:32:25 DEBUG 19440 --- [论坛系统] [http-nio-58080-exec-3] c.b.f.d.BoardMapper.selectByPrimaryKey   : ==>  Preparing: select id, name, articleCount, sort, state, deleteState, createTime, updateTime from t_board where id = ?
2026-06-03 14:32:25 DEBUG 19440 --- [论坛系统] [http-nio-58080-exec-10] c.b.f.d.BoardMapper.selectByPrimaryKey   : ==>  Preparing: select id, name, articleCount, sort, state, deleteState, createTime, updateTime from t_board where id = ?
2026-06-03 14:32:25 DEBUG 19440 --- [论坛系统] [http-nio-58080-exec-3] c.b.f.d.BoardMapper.selectByPrimaryKey   : ==> Parameters: 1(Long)
2026-06-03 14:32:25 DEBUG 19440 --- [论坛系统] [http-nio-58080-exec-10] c.b.f.d.BoardMapper.selectByPrimaryKey   : ==> Parameters: 1(Long)
2026-06-03 14:32:25 DEBUG 19440 --- [论坛系统] [http-nio-58080-exec-3] c.b.f.d.BoardMapper.selectByPrimaryKey   : <==      Total: 1
2026-06-03 14:32:25 DEBUG 19440 --- [论坛系统] [http-nio-58080-exec-10] c.b.f.d.BoardMapper.selectByPrimaryKey   : <==      Total: 1
2026-06-03 14:32:25 DEBUG 19440 --- [论坛系统] [http-nio-58080-exec-10] c.b.f.d.A.selectAllByBoardId             : ==>  Preparing: select u.id as u_id, u.avatarUrl as u_avatarUrl, u.nickname as u_nickname, a.id, a.boardId, a.userId, a.title, a.visitCount, a.replyCount, a.likeCount, a.state, a.createTime, a.updateTime from t_article a, t_user u where a.userId = u.id and a.deleteState = 0 and a.boardId = ? order by a.createTime desc limit 0, 100
2026-06-03 14:32:25 DEBUG 19440 --- [论坛系统] [http-nio-58080-exec-10] c.b.f.d.A.selectAllByBoardId             : ==> Parameters: 1(Long)
2026-06-03 14:32:25 DEBUG 19440 --- [论坛系统] [http-nio-58080-exec-10] c.b.f.d.A.selectAllByBoardId             : <==      Total: 3
2026-06-03 14:32:26 DEBUG 19440 --- [论坛系统] [http-nio-58080-exec-7] c.b.f.d.BoardMapper.selectByPrimaryKey   : ==>  Preparing: select id, name, articleCount, sort, state, deleteState, createTime, updateTime from t_board where id = ?
2026-06-03 14:32:26 DEBUG 19440 --- [论坛系统] [http-nio-58080-exec-6] c.b.f.d.BoardMapper.selectByPrimaryKey   : ==>  Preparing: select id, name, articleCount, sort, state, deleteState, createTime, updateTime from t_board where id = ?
2026-06-03 14:32:26 DEBUG 19440 --- [论坛系统] [http-nio-58080-exec-6] c.b.f.d.BoardMapper.selectByPrimaryKey   : ==> Parameters: 2(Long)
2026-06-03 14:32:26 DEBUG 19440 --- [论坛系统] [http-nio-58080-exec-7] c.b.f.d.BoardMapper.selectByPrimaryKey   : ==> Parameters: 2(Long)
2026-06-03 14:32:26 DEBUG 19440 --- [论坛系统] [http-nio-58080-exec-6] c.b.f.d.BoardMapper.selectByPrimaryKey   : <==      Total: 1
2026-06-03 14:32:26 DEBUG 19440 --- [论坛系统] [http-nio-58080-exec-7] c.b.f.d.BoardMapper.selectByPrimaryKey   : <==      Total: 1
2026-06-03 14:32:26 DEBUG 19440 --- [论坛系统] [http-nio-58080-exec-6] c.b.f.d.A.selectAllByBoardId             : ==>  Preparing: select u.id as u_id, u.avatarUrl as u_avatarUrl, u.nickname as u_nickname, a.id, a.boardId, a.userId, a.title, a.visitCount, a.replyCount, a.likeCount, a.state, a.createTime, a.updateTime from t_article a, t_user u where a.userId = u.id and a.deleteState = 0 and a.boardId = ? order by a.createTime desc limit 0, 100
2026-06-03 14:32:26 DEBUG 19440 --- [论坛系统] [http-nio-58080-exec-6] c.b.f.d.A.selectAllByBoardId             : ==> Parameters: 2(Long)
2026-06-03 14:32:26 DEBUG 19440 --- [论坛系统] [http-nio-58080-exec-6] c.b.f.d.A.selectAllByBoardId             : <==      Total: 0
2026-06-03 14:32:26 DEBUG 19440 --- [论坛系统] [http-nio-58080-exec-2] c.b.f.d.BoardMapper.selectByPrimaryKey   : ==>  Preparing: select id, name, articleCount, sort, state, deleteState, createTime, updateTime from t_board where id = ?
2026-06-03 14:32:26 DEBUG 19440 --- [论坛系统] [http-nio-58080-exec-1] c.b.f.d.BoardMapper.selectByPrimaryKey   : ==>  Preparing: select id, name, articleCount, sort, state, deleteState, createTime, updateTime from t_board where id = ?
2026-06-03 14:32:26 DEBUG 19440 --- [论坛系统] [http-nio-58080-exec-2] c.b.f.d.BoardMapper.selectByPrimaryKey   : ==> Parameters: 1(Long)
2026-06-03 14:32:26 DEBUG 19440 --- [论坛系统] [http-nio-58080-exec-1] c.b.f.d.BoardMapper.selectByPrimaryKey   : ==> Parameters: 1(Long)
2026-06-03 14:32:26 DEBUG 19440 --- [论坛系统] [http-nio-58080-exec-2] c.b.f.d.BoardMapper.selectByPrimaryKey   : <==      Total: 1
2026-06-03 14:32:26 DEBUG 19440 --- [论坛系统] [http-nio-58080-exec-1] c.b.f.d.BoardMapper.selectByPrimaryKey   : <==      Total: 1
2026-06-03 14:32:26 DEBUG 19440 --- [论坛系统] [http-nio-58080-exec-1] c.b.f.d.A.selectAllByBoardId             : ==>  Preparing: select u.id as u_id, u.avatarUrl as u_avatarUrl, u.nickname as u_nickname, a.id, a.boardId, a.userId, a.title, a.visitCount, a.replyCount, a.likeCount, a.state, a.createTime, a.updateTime from t_article a, t_user u where a.userId = u.id and a.deleteState = 0 and a.boardId = ? order by a.createTime desc limit 0, 100
2026-06-03 14:32:26 DEBUG 19440 --- [论坛系统] [http-nio-58080-exec-1] c.b.f.d.A.selectAllByBoardId             : ==> Parameters: 1(Long)
2026-06-03 14:32:26 DEBUG 19440 --- [论坛系统] [http-nio-58080-exec-1] c.b.f.d.A.selectAllByBoardId             : <==      Total: 3
2026-06-03 14:32:28 DEBUG 19440 --- [论坛系统] [http-nio-58080-exec-3] c.b.f.d.BoardMapper.selectByPrimaryKey   : ==>  Preparing: select id, name, articleCount, sort, state, deleteState, createTime, updateTime from t_board where id = ?
2026-06-03 14:32:28 DEBUG 19440 --- [论坛系统] [http-nio-58080-exec-9] c.b.f.d.BoardMapper.selectByPrimaryKey   : ==>  Preparing: select id, name, articleCount, sort, state, deleteState, createTime, updateTime from t_board where id = ?
2026-06-03 14:32:28 DEBUG 19440 --- [论坛系统] [http-nio-58080-exec-3] c.b.f.d.BoardMapper.selectByPrimaryKey   : ==> Parameters: 2(Long)
2026-06-03 14:32:28 DEBUG 19440 --- [论坛系统] [http-nio-58080-exec-9] c.b.f.d.BoardMapper.selectByPrimaryKey   : ==> Parameters: 2(Long)
2026-06-03 14:32:28 DEBUG 19440 --- [论坛系统] [http-nio-58080-exec-9] c.b.f.d.BoardMapper.selectByPrimaryKey   : <==      Total: 1
2026-06-03 14:32:28 DEBUG 19440 --- [论坛系统] [http-nio-58080-exec-3] c.b.f.d.BoardMapper.selectByPrimaryKey   : <==      Total: 1
2026-06-03 14:32:28 DEBUG 19440 --- [论坛系统] [http-nio-58080-exec-3] c.b.f.d.A.selectAllByBoardId             : ==>  Preparing: select u.id as u_id, u.avatarUrl as u_avatarUrl, u.nickname as u_nickname, a.id, a.boardId, a.userId, a.title, a.visitCount, a.replyCount, a.likeCount, a.state, a.createTime, a.updateTime from t_article a, t_user u where a.userId = u.id and a.deleteState = 0 and a.boardId = ? order by a.createTime desc limit 0, 100
2026-06-03 14:32:28 DEBUG 19440 --- [论坛系统] [http-nio-58080-exec-3] c.b.f.d.A.selectAllByBoardId             : ==> Parameters: 2(Long)
2026-06-03 14:32:28 DEBUG 19440 --- [论坛系统] [http-nio-58080-exec-3] c.b.f.d.A.selectAllByBoardId             : <==      Total: 0
2026-06-03 14:32:28 DEBUG 19440 --- [论坛系统] [http-nio-58080-exec-5] c.b.f.d.BoardMapper.selectByPrimaryKey   : ==>  Preparing: select id, name, articleCount, sort, state, deleteState, createTime, updateTime from t_board where id = ?
2026-06-03 14:32:28 DEBUG 19440 --- [论坛系统] [http-nio-58080-exec-7] c.b.f.d.BoardMapper.selectByPrimaryKey   : ==>  Preparing: select id, name, articleCount, sort, state, deleteState, createTime, updateTime from t_board where id = ?
2026-06-03 14:32:28 DEBUG 19440 --- [论坛系统] [http-nio-58080-exec-7] c.b.f.d.BoardMapper.selectByPrimaryKey   : ==> Parameters: 1(Long)
2026-06-03 14:32:28 DEBUG 19440 --- [论坛系统] [http-nio-58080-exec-5] c.b.f.d.BoardMapper.selectByPrimaryKey   : ==> Parameters: 1(Long)
2026-06-03 14:32:28 DEBUG 19440 --- [论坛系统] [http-nio-58080-exec-7] c.b.f.d.BoardMapper.selectByPrimaryKey   : <==      Total: 1
2026-06-03 14:32:28 DEBUG 19440 --- [论坛系统] [http-nio-58080-exec-5] c.b.f.d.BoardMapper.selectByPrimaryKey   : <==      Total: 1
2026-06-03 14:32:28 DEBUG 19440 --- [论坛系统] [http-nio-58080-exec-7] c.b.f.d.A.selectAllByBoardId             : ==>  Preparing: select u.id as u_id, u.avatarUrl as u_avatarUrl, u.nickname as u_nickname, a.id, a.boardId, a.userId, a.title, a.visitCount, a.replyCount, a.likeCount, a.state, a.createTime, a.updateTime from t_article a, t_user u where a.userId = u.id and a.deleteState = 0 and a.boardId = ? order by a.createTime desc limit 0, 100
2026-06-03 14:32:28 DEBUG 19440 --- [论坛系统] [http-nio-58080-exec-7] c.b.f.d.A.selectAllByBoardId             : ==> Parameters: 1(Long)
2026-06-03 14:32:28 DEBUG 19440 --- [论坛系统] [http-nio-58080-exec-7] c.b.f.d.A.selectAllByBoardId             : <==      Total: 3
2026-06-03 14:32:32 DEBUG 19440 --- [论坛系统] [http-nio-58080-exec-4] c.b.forum.dao.BoardMapper.selectByNum    : ==>  Preparing: select id, name, articleCount, sort, state, deleteState, createTime, updateTime from t_board where deleteState = 0 and state = 0 order by sort asc limit ?
2026-06-03 14:32:32 DEBUG 19440 --- [论坛系统] [http-nio-58080-exec-4] c.b.forum.dao.BoardMapper.selectByNum    : ==> Parameters: 9(Integer)
2026-06-03 14:32:32 DEBUG 19440 --- [论坛系统] [http-nio-58080-exec-4] c.b.forum.dao.BoardMapper.selectByNum    : <==      Total: 9
2026-06-03 14:32:32 DEBUG 19440 --- [论坛系统] [http-nio-58080-exec-7] c.b.forum.dao.ArticleMapper.selectAll    : ==>  Preparing: select u.id as u_id, u.avatarUrl as u_avatarUrl, u.nickname as u_nickname, a.id, a.boardId, a.userId, a.title, a.visitCount, a.replyCount, a.likeCount, a.state, a.createTime, a.updateTime from t_article a, t_user u where a.userId = u.id and a.deleteState = 0 order by a.createTime desc limit 0, 100
2026-06-03 14:32:32 DEBUG 19440 --- [论坛系统] [http-nio-58080-exec-7] c.b.forum.dao.ArticleMapper.selectAll    : ==> Parameters: 
2026-06-03 14:32:32 DEBUG 19440 --- [论坛系统] [http-nio-58080-exec-7] c.b.forum.dao.ArticleMapper.selectAll    : <==      Total: 4
2026-06-03 14:32:33 DEBUG 19440 --- [论坛系统] [http-nio-58080-exec-9] c.b.f.d.BoardMapper.selectByPrimaryKey   : ==>  Preparing: select id, name, articleCount, sort, state, deleteState, createTime, updateTime from t_board where id = ?
2026-06-03 14:32:33 DEBUG 19440 --- [论坛系统] [http-nio-58080-exec-8] c.b.f.d.BoardMapper.selectByPrimaryKey   : ==>  Preparing: select id, name, articleCount, sort, state, deleteState, createTime, updateTime from t_board where id = ?
2026-06-03 14:32:33 DEBUG 19440 --- [论坛系统] [http-nio-58080-exec-8] c.b.f.d.BoardMapper.selectByPrimaryKey   : ==> Parameters: 1(Long)
2026-06-03 14:32:33 DEBUG 19440 --- [论坛系统] [http-nio-58080-exec-9] c.b.f.d.BoardMapper.selectByPrimaryKey   : ==> Parameters: 1(Long)
2026-06-03 14:32:33 DEBUG 19440 --- [论坛系统] [http-nio-58080-exec-8] c.b.f.d.BoardMapper.selectByPrimaryKey   : <==      Total: 1
2026-06-03 14:32:33 DEBUG 19440 --- [论坛系统] [http-nio-58080-exec-9] c.b.f.d.BoardMapper.selectByPrimaryKey   : <==      Total: 1
2026-06-03 14:32:33 DEBUG 19440 --- [论坛系统] [http-nio-58080-exec-9] c.b.f.d.A.selectAllByBoardId             : ==>  Preparing: select u.id as u_id, u.avatarUrl as u_avatarUrl, u.nickname as u_nickname, a.id, a.boardId, a.userId, a.title, a.visitCount, a.replyCount, a.likeCount, a.state, a.createTime, a.updateTime from t_article a, t_user u where a.userId = u.id and a.deleteState = 0 and a.boardId = ? order by a.createTime desc limit 0, 100
2026-06-03 14:32:33 DEBUG 19440 --- [论坛系统] [http-nio-58080-exec-9] c.b.f.d.A.selectAllByBoardId             : ==> Parameters: 1(Long)
2026-06-03 14:32:33 DEBUG 19440 --- [论坛系统] [http-nio-58080-exec-9] c.b.f.d.A.selectAllByBoardId             : <==      Total: 3
2026-06-03 14:32:34 DEBUG 19440 --- [论坛系统] [http-nio-58080-exec-10] c.b.forum.dao.ArticleMapper.selectAll    : ==>  Preparing: select u.id as u_id, u.avatarUrl as u_avatarUrl, u.nickname as u_nickname, a.id, a.boardId, a.userId, a.title, a.visitCount, a.replyCount, a.likeCount, a.state, a.createTime, a.updateTime from t_article a, t_user u where a.userId = u.id and a.deleteState = 0 order by a.createTime desc limit 0, 100
2026-06-03 14:32:34 DEBUG 19440 --- [论坛系统] [http-nio-58080-exec-10] c.b.forum.dao.ArticleMapper.selectAll    : ==> Parameters: 
2026-06-03 14:32:34 DEBUG 19440 --- [论坛系统] [http-nio-58080-exec-10] c.b.forum.dao.ArticleMapper.selectAll    : <==      Total: 4
2026-06-03 14:32:34 DEBUG 19440 --- [论坛系统] [http-nio-58080-exec-4] c.b.f.d.BoardMapper.selectByPrimaryKey   : ==>  Preparing: select id, name, articleCount, sort, state, deleteState, createTime, updateTime from t_board where id = ?
2026-06-03 14:32:34 DEBUG 19440 --- [论坛系统] [http-nio-58080-exec-7] c.b.f.d.BoardMapper.selectByPrimaryKey   : ==>  Preparing: select id, name, articleCount, sort, state, deleteState, createTime, updateTime from t_board where id = ?
2026-06-03 14:32:34 DEBUG 19440 --- [论坛系统] [http-nio-58080-exec-4] c.b.f.d.BoardMapper.selectByPrimaryKey   : ==> Parameters: 1(Long)
2026-06-03 14:32:34 DEBUG 19440 --- [论坛系统] [http-nio-58080-exec-7] c.b.f.d.BoardMapper.selectByPrimaryKey   : ==> Parameters: 1(Long)
2026-06-03 14:32:34 DEBUG 19440 --- [论坛系统] [http-nio-58080-exec-7] c.b.f.d.BoardMapper.selectByPrimaryKey   : <==      Total: 1
2026-06-03 14:32:34 DEBUG 19440 --- [论坛系统] [http-nio-58080-exec-4] c.b.f.d.BoardMapper.selectByPrimaryKey   : <==      Total: 1
2026-06-03 14:32:34 DEBUG 19440 --- [论坛系统] [http-nio-58080-exec-7] c.b.f.d.A.selectAllByBoardId             : ==>  Preparing: select u.id as u_id, u.avatarUrl as u_avatarUrl, u.nickname as u_nickname, a.id, a.boardId, a.userId, a.title, a.visitCount, a.replyCount, a.likeCount, a.state, a.createTime, a.updateTime from t_article a, t_user u where a.userId = u.id and a.deleteState = 0 and a.boardId = ? order by a.createTime desc limit 0, 100
2026-06-03 14:32:34 DEBUG 19440 --- [论坛系统] [http-nio-58080-exec-7] c.b.f.d.A.selectAllByBoardId             : ==> Parameters: 1(Long)
2026-06-03 14:32:34 DEBUG 19440 --- [论坛系统] [http-nio-58080-exec-7] c.b.f.d.A.selectAllByBoardId             : <==      Total: 3
2026-06-03 14:32:54 DEBUG 19440 --- [论坛系统] [http-nio-58080-exec-2] c.b.forum.dao.BoardMapper.selectByNum    : ==>  Preparing: select id, name, articleCount, sort, state, deleteState, createTime, updateTime from t_board where deleteState = 0 and state = 0 order by sort asc limit ?
2026-06-03 14:32:54 DEBUG 19440 --- [论坛系统] [http-nio-58080-exec-2] c.b.forum.dao.BoardMapper.selectByNum    : ==> Parameters: 9(Integer)
2026-06-03 14:32:54 DEBUG 19440 --- [论坛系统] [http-nio-58080-exec-2] c.b.forum.dao.BoardMapper.selectByNum    : <==      Total: 9
2026-06-03 14:32:54 DEBUG 19440 --- [论坛系统] [http-nio-58080-exec-8] c.b.forum.dao.ArticleMapper.selectAll    : ==>  Preparing: select u.id as u_id, u.avatarUrl as u_avatarUrl, u.nickname as u_nickname, a.id, a.boardId, a.userId, a.title, a.visitCount, a.replyCount, a.likeCount, a.state, a.createTime, a.updateTime from t_article a, t_user u where a.userId = u.id and a.deleteState = 0 order by a.createTime desc limit 0, 100
2026-06-03 14:32:54 DEBUG 19440 --- [论坛系统] [http-nio-58080-exec-8] c.b.forum.dao.ArticleMapper.selectAll    : ==> Parameters: 
2026-06-03 14:32:54 DEBUG 19440 --- [论坛系统] [http-nio-58080-exec-8] c.b.forum.dao.ArticleMapper.selectAll    : <==      Total: 0
2026-06-03 14:32:54 DEBUG 19440 --- [论坛系统] [http-nio-58080-exec-10] c.b.f.d.BoardMapper.selectByPrimaryKey   : ==>  Preparing: select id, name, articleCount, sort, state, deleteState, createTime, updateTime from t_board where id = ?
2026-06-03 14:32:54 DEBUG 19440 --- [论坛系统] [http-nio-58080-exec-3] c.b.f.d.BoardMapper.selectByPrimaryKey   : ==>  Preparing: select id, name, articleCount, sort, state, deleteState, createTime, updateTime from t_board where id = ?
2026-06-03 14:32:54 DEBUG 19440 --- [论坛系统] [http-nio-58080-exec-10] c.b.f.d.BoardMapper.selectByPrimaryKey   : ==> Parameters: 1(Long)
2026-06-03 14:32:54 DEBUG 19440 --- [论坛系统] [http-nio-58080-exec-3] c.b.f.d.BoardMapper.selectByPrimaryKey   : ==> Parameters: 1(Long)
2026-06-03 14:32:54 DEBUG 19440 --- [论坛系统] [http-nio-58080-exec-10] c.b.f.d.BoardMapper.selectByPrimaryKey   : <==      Total: 1
2026-06-03 14:32:54 DEBUG 19440 --- [论坛系统] [http-nio-58080-exec-3] c.b.f.d.BoardMapper.selectByPrimaryKey   : <==      Total: 1
2026-06-03 14:32:54 DEBUG 19440 --- [论坛系统] [http-nio-58080-exec-10] c.b.f.d.A.selectAllByBoardId             : ==>  Preparing: select u.id as u_id, u.avatarUrl as u_avatarUrl, u.nickname as u_nickname, a.id, a.boardId, a.userId, a.title, a.visitCount, a.replyCount, a.likeCount, a.state, a.createTime, a.updateTime from t_article a, t_user u where a.userId = u.id and a.deleteState = 0 and a.boardId = ? order by a.createTime desc limit 0, 100
2026-06-03 14:32:54 DEBUG 19440 --- [论坛系统] [http-nio-58080-exec-10] c.b.f.d.A.selectAllByBoardId             : ==> Parameters: 1(Long)
2026-06-03 14:32:54 DEBUG 19440 --- [论坛系统] [http-nio-58080-exec-10] c.b.f.d.A.selectAllByBoardId             : <==      Total: 0
2026-06-03 14:33:21 DEBUG 19440 --- [论坛系统] [http-nio-58080-exec-6] c.b.f.d.BoardMapper.selectByPrimaryKey   : ==>  Preparing: select id, name, articleCount, sort, state, deleteState, createTime, updateTime from t_board where id = ?
2026-06-03 14:33:21 DEBUG 19440 --- [论坛系统] [http-nio-58080-exec-6] c.b.f.d.BoardMapper.selectByPrimaryKey   : ==> Parameters: 1(Long)
2026-06-03 14:33:21 DEBUG 19440 --- [论坛系统] [http-nio-58080-exec-6] c.b.f.d.BoardMapper.selectByPrimaryKey   : <==      Total: 1
2026-06-03 14:33:21 DEBUG 19440 --- [论坛系统] [http-nio-58080-exec-6] c.b.f.dao.ArticleMapper.insertSelective  : ==>  Preparing: insert into t_article ( boardId, userId, title, visitCount, replyCount, likeCount, state, deleteState, createTime, updateTime, content ) values ( ?, ?, ?, ?, ?, ?, ?, ?, ?, ?, ? )
2026-06-03 14:33:21 DEBUG 19440 --- [论坛系统] [http-nio-58080-exec-6] c.b.f.dao.ArticleMapper.insertSelective  : ==> Parameters: 1(Long), 19(Long), 1(String), 0(Integer), 0(Integer), 0(Integer), 0(Byte), 0(Byte), 2026-06-03 14:33:21.132(Timestamp), 2026-06-03 14:33:21.132(Timestamp), 1(String)
2026-06-03 14:33:21 DEBUG 19440 --- [论坛系统] [http-nio-58080-exec-6] c.b.f.dao.ArticleMapper.insertSelective  : <==    Updates: 1
2026-06-03 14:33:21 DEBUG 19440 --- [论坛系统] [http-nio-58080-exec-6] c.b.f.dao.UserMapper.selectByPrimaryKey  : ==>  Preparing: select id, username, password, nickname, phoneNum, email, gender, salt, avatarUrl, articleCount, isAdmin, remark, state, deleteState, createTime, updateTime from t_user where id = ?
2026-06-03 14:33:21 DEBUG 19440 --- [论坛系统] [http-nio-58080-exec-6] c.b.f.dao.UserMapper.selectByPrimaryKey  : ==> Parameters: 19(Long)
2026-06-03 14:33:21 DEBUG 19440 --- [论坛系统] [http-nio-58080-exec-6] c.b.f.dao.UserMapper.selectByPrimaryKey  : <==      Total: 1
2026-06-03 14:33:21 DEBUG 19440 --- [论坛系统] [http-nio-58080-exec-6] c.b.f.d.U.updateByPrimaryKeySelective    : ==>  Preparing: update t_user SET articleCount = ? where id = ?
2026-06-03 14:33:21 DEBUG 19440 --- [论坛系统] [http-nio-58080-exec-6] c.b.f.d.U.updateByPrimaryKeySelective    : ==> Parameters: 6(Integer), 19(Long)
2026-06-03 14:33:21 DEBUG 19440 --- [论坛系统] [http-nio-58080-exec-6] c.b.f.d.U.updateByPrimaryKeySelective    : <==    Updates: 1
2026-06-03 14:33:21 DEBUG 19440 --- [论坛系统] [http-nio-58080-exec-6] c.b.f.d.BoardMapper.selectByPrimaryKey   : ==>  Preparing: select id, name, articleCount, sort, state, deleteState, createTime, updateTime from t_board where id = ?
2026-06-03 14:33:21 DEBUG 19440 --- [论坛系统] [http-nio-58080-exec-6] c.b.f.d.BoardMapper.selectByPrimaryKey   : ==> Parameters: 1(Long)
2026-06-03 14:33:21 DEBUG 19440 --- [论坛系统] [http-nio-58080-exec-6] c.b.f.d.BoardMapper.selectByPrimaryKey   : <==      Total: 1
2026-06-03 14:33:21 DEBUG 19440 --- [论坛系统] [http-nio-58080-exec-6] c.b.f.d.B.updateByPrimaryKeySelective    : ==>  Preparing: update t_board SET articleCount = ? where id = ?
2026-06-03 14:33:21 DEBUG 19440 --- [论坛系统] [http-nio-58080-exec-6] c.b.f.d.B.updateByPrimaryKeySelective    : ==> Parameters: 1(Integer), 1(Long)
2026-06-03 14:33:21 DEBUG 19440 --- [论坛系统] [http-nio-58080-exec-6] c.b.f.d.B.updateByPrimaryKeySelective    : <==    Updates: 1
2026-06-03 14:33:21  INFO 19440 --- [论坛系统] [http-nio-58080-exec-6] c.b.f.service.impl.ArticleServiceImpl    : code = 0, message = 操作成功. 
2026-06-03 14:33:21 DEBUG 19440 --- [论坛系统] [http-nio-58080-exec-2] c.b.forum.dao.ArticleMapper.selectAll    : ==>  Preparing: select u.id as u_id, u.avatarUrl as u_avatarUrl, u.nickname as u_nickname, a.id, a.boardId, a.userId, a.title, a.visitCount, a.replyCount, a.likeCount, a.state, a.createTime, a.updateTime from t_article a, t_user u where a.userId = u.id and a.deleteState = 0 order by a.createTime desc limit 0, 100
2026-06-03 14:33:21 DEBUG 19440 --- [论坛系统] [http-nio-58080-exec-2] c.b.forum.dao.ArticleMapper.selectAll    : ==> Parameters: 
2026-06-03 14:33:21 DEBUG 19440 --- [论坛系统] [http-nio-58080-exec-2] c.b.forum.dao.ArticleMapper.selectAll    : <==      Total: 1
2026-06-03 14:33:24 DEBUG 19440 --- [论坛系统] [http-nio-58080-exec-7] c.b.f.d.BoardMapper.selectByPrimaryKey   : ==>  Preparing: select id, name, articleCount, sort, state, deleteState, createTime, updateTime from t_board where id = ?
2026-06-03 14:33:24 DEBUG 19440 --- [论坛系统] [http-nio-58080-exec-7] c.b.f.d.BoardMapper.selectByPrimaryKey   : ==> Parameters: 1(Long)
2026-06-03 14:33:24 DEBUG 19440 --- [论坛系统] [http-nio-58080-exec-7] c.b.f.d.BoardMapper.selectByPrimaryKey   : <==      Total: 1
2026-06-03 14:33:24 DEBUG 19440 --- [论坛系统] [http-nio-58080-exec-7] c.b.f.dao.ArticleMapper.insertSelective  : ==>  Preparing: insert into t_article ( boardId, userId, title, visitCount, replyCount, likeCount, state, deleteState, createTime, updateTime, content ) values ( ?, ?, ?, ?, ?, ?, ?, ?, ?, ?, ? )
2026-06-03 14:33:24 DEBUG 19440 --- [论坛系统] [http-nio-58080-exec-7] c.b.f.dao.ArticleMapper.insertSelective  : ==> Parameters: 1(Long), 19(Long), 2(String), 0(Integer), 0(Integer), 0(Integer), 0(Byte), 0(Byte), 2026-06-03 14:33:24.936(Timestamp), 2026-06-03 14:33:24.936(Timestamp), 2(String)
2026-06-03 14:33:24 DEBUG 19440 --- [论坛系统] [http-nio-58080-exec-7] c.b.f.dao.ArticleMapper.insertSelective  : <==    Updates: 1
2026-06-03 14:33:24 DEBUG 19440 --- [论坛系统] [http-nio-58080-exec-7] c.b.f.dao.UserMapper.selectByPrimaryKey  : ==>  Preparing: select id, username, password, nickname, phoneNum, email, gender, salt, avatarUrl, articleCount, isAdmin, remark, state, deleteState, createTime, updateTime from t_user where id = ?
2026-06-03 14:33:24 DEBUG 19440 --- [论坛系统] [http-nio-58080-exec-7] c.b.f.dao.UserMapper.selectByPrimaryKey  : ==> Parameters: 19(Long)
2026-06-03 14:33:24 DEBUG 19440 --- [论坛系统] [http-nio-58080-exec-7] c.b.f.dao.UserMapper.selectByPrimaryKey  : <==      Total: 1
2026-06-03 14:33:24 DEBUG 19440 --- [论坛系统] [http-nio-58080-exec-7] c.b.f.d.U.updateByPrimaryKeySelective    : ==>  Preparing: update t_user SET articleCount = ? where id = ?
2026-06-03 14:33:24 DEBUG 19440 --- [论坛系统] [http-nio-58080-exec-7] c.b.f.d.U.updateByPrimaryKeySelective    : ==> Parameters: 7(Integer), 19(Long)
2026-06-03 14:33:24 DEBUG 19440 --- [论坛系统] [http-nio-58080-exec-7] c.b.f.d.U.updateByPrimaryKeySelective    : <==    Updates: 1
2026-06-03 14:33:24 DEBUG 19440 --- [论坛系统] [http-nio-58080-exec-7] c.b.f.d.BoardMapper.selectByPrimaryKey   : ==>  Preparing: select id, name, articleCount, sort, state, deleteState, createTime, updateTime from t_board where id = ?
2026-06-03 14:33:24 DEBUG 19440 --- [论坛系统] [http-nio-58080-exec-7] c.b.f.d.BoardMapper.selectByPrimaryKey   : ==> Parameters: 1(Long)
2026-06-03 14:33:24 DEBUG 19440 --- [论坛系统] [http-nio-58080-exec-7] c.b.f.d.BoardMapper.selectByPrimaryKey   : <==      Total: 1
2026-06-03 14:33:24 DEBUG 19440 --- [论坛系统] [http-nio-58080-exec-7] c.b.f.d.B.updateByPrimaryKeySelective    : ==>  Preparing: update t_board SET articleCount = ? where id = ?
2026-06-03 14:33:24 DEBUG 19440 --- [论坛系统] [http-nio-58080-exec-7] c.b.f.d.B.updateByPrimaryKeySelective    : ==> Parameters: 2(Integer), 1(Long)
2026-06-03 14:33:24 DEBUG 19440 --- [论坛系统] [http-nio-58080-exec-7] c.b.f.d.B.updateByPrimaryKeySelective    : <==    Updates: 1
2026-06-03 14:33:24  INFO 19440 --- [论坛系统] [http-nio-58080-exec-7] c.b.f.service.impl.ArticleServiceImpl    : code = 0, message = 操作成功. 
2026-06-03 14:33:24 DEBUG 19440 --- [论坛系统] [http-nio-58080-exec-1] c.b.forum.dao.ArticleMapper.selectAll    : ==>  Preparing: select u.id as u_id, u.avatarUrl as u_avatarUrl, u.nickname as u_nickname, a.id, a.boardId, a.userId, a.title, a.visitCount, a.replyCount, a.likeCount, a.state, a.createTime, a.updateTime from t_article a, t_user u where a.userId = u.id and a.deleteState = 0 order by a.createTime desc limit 0, 100
2026-06-03 14:33:24 DEBUG 19440 --- [论坛系统] [http-nio-58080-exec-1] c.b.forum.dao.ArticleMapper.selectAll    : ==> Parameters: 
2026-06-03 14:33:24 DEBUG 19440 --- [论坛系统] [http-nio-58080-exec-1] c.b.forum.dao.ArticleMapper.selectAll    : <==      Total: 2
2026-06-03 14:33:28 DEBUG 19440 --- [论坛系统] [http-nio-58080-exec-8] c.b.f.d.BoardMapper.selectByPrimaryKey   : ==>  Preparing: select id, name, articleCount, sort, state, deleteState, createTime, updateTime from t_board where id = ?
2026-06-03 14:33:28 DEBUG 19440 --- [论坛系统] [http-nio-58080-exec-8] c.b.f.d.BoardMapper.selectByPrimaryKey   : ==> Parameters: 1(Long)
2026-06-03 14:33:28 DEBUG 19440 --- [论坛系统] [http-nio-58080-exec-8] c.b.f.d.BoardMapper.selectByPrimaryKey   : <==      Total: 1
2026-06-03 14:33:28 DEBUG 19440 --- [论坛系统] [http-nio-58080-exec-8] c.b.f.dao.ArticleMapper.insertSelective  : ==>  Preparing: insert into t_article ( boardId, userId, title, visitCount, replyCount, likeCount, state, deleteState, createTime, updateTime, content ) values ( ?, ?, ?, ?, ?, ?, ?, ?, ?, ?, ? )
2026-06-03 14:33:28 DEBUG 19440 --- [论坛系统] [http-nio-58080-exec-8] c.b.f.dao.ArticleMapper.insertSelective  : ==> Parameters: 1(Long), 19(Long), 3(String), 0(Integer), 0(Integer), 0(Integer), 0(Byte), 0(Byte), 2026-06-03 14:33:28.748(Timestamp), 2026-06-03 14:33:28.748(Timestamp), 3(String)
2026-06-03 14:33:28 DEBUG 19440 --- [论坛系统] [http-nio-58080-exec-8] c.b.f.dao.ArticleMapper.insertSelective  : <==    Updates: 1
2026-06-03 14:33:28 DEBUG 19440 --- [论坛系统] [http-nio-58080-exec-8] c.b.f.dao.UserMapper.selectByPrimaryKey  : ==>  Preparing: select id, username, password, nickname, phoneNum, email, gender, salt, avatarUrl, articleCount, isAdmin, remark, state, deleteState, createTime, updateTime from t_user where id = ?
2026-06-03 14:33:28 DEBUG 19440 --- [论坛系统] [http-nio-58080-exec-8] c.b.f.dao.UserMapper.selectByPrimaryKey  : ==> Parameters: 19(Long)
2026-06-03 14:33:28 DEBUG 19440 --- [论坛系统] [http-nio-58080-exec-8] c.b.f.dao.UserMapper.selectByPrimaryKey  : <==      Total: 1
2026-06-03 14:33:28 DEBUG 19440 --- [论坛系统] [http-nio-58080-exec-8] c.b.f.d.U.updateByPrimaryKeySelective    : ==>  Preparing: update t_user SET articleCount = ? where id = ?
2026-06-03 14:33:28 DEBUG 19440 --- [论坛系统] [http-nio-58080-exec-8] c.b.f.d.U.updateByPrimaryKeySelective    : ==> Parameters: 8(Integer), 19(Long)
2026-06-03 14:33:28 DEBUG 19440 --- [论坛系统] [http-nio-58080-exec-8] c.b.f.d.U.updateByPrimaryKeySelective    : <==    Updates: 1
2026-06-03 14:33:28 DEBUG 19440 --- [论坛系统] [http-nio-58080-exec-8] c.b.f.d.BoardMapper.selectByPrimaryKey   : ==>  Preparing: select id, name, articleCount, sort, state, deleteState, createTime, updateTime from t_board where id = ?
2026-06-03 14:33:28 DEBUG 19440 --- [论坛系统] [http-nio-58080-exec-8] c.b.f.d.BoardMapper.selectByPrimaryKey   : ==> Parameters: 1(Long)
2026-06-03 14:33:28 DEBUG 19440 --- [论坛系统] [http-nio-58080-exec-8] c.b.f.d.BoardMapper.selectByPrimaryKey   : <==      Total: 1
2026-06-03 14:33:28 DEBUG 19440 --- [论坛系统] [http-nio-58080-exec-8] c.b.f.d.B.updateByPrimaryKeySelective    : ==>  Preparing: update t_board SET articleCount = ? where id = ?
2026-06-03 14:33:28 DEBUG 19440 --- [论坛系统] [http-nio-58080-exec-8] c.b.f.d.B.updateByPrimaryKeySelective    : ==> Parameters: 3(Integer), 1(Long)
2026-06-03 14:33:28 DEBUG 19440 --- [论坛系统] [http-nio-58080-exec-8] c.b.f.d.B.updateByPrimaryKeySelective    : <==    Updates: 1
2026-06-03 14:33:28  INFO 19440 --- [论坛系统] [http-nio-58080-exec-8] c.b.f.service.impl.ArticleServiceImpl    : code = 0, message = 操作成功. 
2026-06-03 14:33:28 DEBUG 19440 --- [论坛系统] [http-nio-58080-exec-10] c.b.forum.dao.ArticleMapper.selectAll    : ==>  Preparing: select u.id as u_id, u.avatarUrl as u_avatarUrl, u.nickname as u_nickname, a.id, a.boardId, a.userId, a.title, a.visitCount, a.replyCount, a.likeCount, a.state, a.createTime, a.updateTime from t_article a, t_user u where a.userId = u.id and a.deleteState = 0 order by a.createTime desc limit 0, 100
2026-06-03 14:33:28 DEBUG 19440 --- [论坛系统] [http-nio-58080-exec-10] c.b.forum.dao.ArticleMapper.selectAll    : ==> Parameters: 
2026-06-03 14:33:28 DEBUG 19440 --- [论坛系统] [http-nio-58080-exec-10] c.b.forum.dao.ArticleMapper.selectAll    : <==      Total: 3
2026-06-03 14:33:51 DEBUG 19440 --- [论坛系统] [http-nio-58080-exec-7] c.b.f.d.A.selectByPrimaryKey             : ==>  Preparing: select id, boardId, userId, title, visitCount, replyCount, likeCount, state, deleteState, createTime, updateTime , content from t_article where id = ?
2026-06-03 14:33:51 DEBUG 19440 --- [论坛系统] [http-nio-58080-exec-7] c.b.f.d.A.selectByPrimaryKey             : ==> Parameters: 11(Long)
2026-06-03 14:33:51 DEBUG 19440 --- [论坛系统] [http-nio-58080-exec-7] c.b.f.d.A.selectByPrimaryKey             : <==      Total: 1
2026-06-03 14:33:51 DEBUG 19440 --- [论坛系统] [http-nio-58080-exec-7] c.b.f.d.A.selectByPrimaryKey             : ==>  Preparing: select id, boardId, userId, title, visitCount, replyCount, likeCount, state, deleteState, createTime, updateTime , content from t_article where id = ?
2026-06-03 14:33:51 DEBUG 19440 --- [论坛系统] [http-nio-58080-exec-7] c.b.f.d.A.selectByPrimaryKey             : ==> Parameters: 11(Long)
2026-06-03 14:33:51 DEBUG 19440 --- [论坛系统] [http-nio-58080-exec-7] c.b.f.d.A.selectByPrimaryKey             : <==      Total: 1
2026-06-03 14:33:51 DEBUG 19440 --- [论坛系统] [http-nio-58080-exec-7] c.b.f.d.A.updateByPrimaryKeySelective    : ==>  Preparing: update t_article SET deleteState = ? where id = ?
2026-06-03 14:33:51 DEBUG 19440 --- [论坛系统] [http-nio-58080-exec-7] c.b.f.d.A.updateByPrimaryKeySelective    : ==> Parameters: 1(Byte), 11(Long)
2026-06-03 14:33:51 DEBUG 19440 --- [论坛系统] [http-nio-58080-exec-7] c.b.f.d.A.updateByPrimaryKeySelective    : <==    Updates: 1
2026-06-03 14:33:51 DEBUG 19440 --- [论坛系统] [http-nio-58080-exec-7] c.b.f.d.BoardMapper.selectByPrimaryKey   : ==>  Preparing: select id, name, articleCount, sort, state, deleteState, createTime, updateTime from t_board where id = ?
2026-06-03 14:33:51 DEBUG 19440 --- [论坛系统] [http-nio-58080-exec-7] c.b.f.d.BoardMapper.selectByPrimaryKey   : ==> Parameters: 1(Long)
2026-06-03 14:33:51 DEBUG 19440 --- [论坛系统] [http-nio-58080-exec-7] c.b.f.d.BoardMapper.selectByPrimaryKey   : <==      Total: 1
2026-06-03 14:33:51 DEBUG 19440 --- [论坛系统] [http-nio-58080-exec-7] c.b.f.d.B.updateByPrimaryKeySelective    : ==>  Preparing: update t_board SET articleCount = ? where id = ?
2026-06-03 14:33:51 DEBUG 19440 --- [论坛系统] [http-nio-58080-exec-7] c.b.f.d.B.updateByPrimaryKeySelective    : ==> Parameters: 2(Integer), 1(Long)
2026-06-03 14:33:51 DEBUG 19440 --- [论坛系统] [http-nio-58080-exec-7] c.b.f.d.B.updateByPrimaryKeySelective    : <==    Updates: 1
2026-06-03 14:33:51 DEBUG 19440 --- [论坛系统] [http-nio-58080-exec-7] c.b.f.dao.UserMapper.selectByPrimaryKey  : ==>  Preparing: select id, username, password, nickname, phoneNum, email, gender, salt, avatarUrl, articleCount, isAdmin, remark, state, deleteState, createTime, updateTime from t_user where id = ?
2026-06-03 14:33:51 DEBUG 19440 --- [论坛系统] [http-nio-58080-exec-7] c.b.f.dao.UserMapper.selectByPrimaryKey  : ==> Parameters: 19(Long)
2026-06-03 14:33:51 DEBUG 19440 --- [论坛系统] [http-nio-58080-exec-7] c.b.f.dao.UserMapper.selectByPrimaryKey  : <==      Total: 1
2026-06-03 14:33:51 DEBUG 19440 --- [论坛系统] [http-nio-58080-exec-7] c.b.f.d.U.updateByPrimaryKeySelective    : ==>  Preparing: update t_user SET articleCount = ? where id = ?
2026-06-03 14:33:51 DEBUG 19440 --- [论坛系统] [http-nio-58080-exec-7] c.b.f.d.U.updateByPrimaryKeySelective    : ==> Parameters: 7(Integer), 19(Long)
2026-06-03 14:33:51 DEBUG 19440 --- [论坛系统] [http-nio-58080-exec-7] c.b.f.d.U.updateByPrimaryKeySelective    : <==    Updates: 1
2026-06-03 14:33:51  INFO 19440 --- [论坛系统] [http-nio-58080-exec-7] c.b.f.service.impl.ArticleServiceImpl    : code = 0, message = 操作成功. 被删除的article id = 11
2026-06-03 14:33:54 DEBUG 19440 --- [论坛系统] [http-nio-58080-exec-7] c.b.forum.dao.BoardMapper.selectByNum    : ==>  Preparing: select id, name, articleCount, sort, state, deleteState, createTime, updateTime from t_board where deleteState = 0 and state = 0 order by sort asc limit ?
2026-06-03 14:33:54 DEBUG 19440 --- [论坛系统] [http-nio-58080-exec-7] c.b.forum.dao.BoardMapper.selectByNum    : ==> Parameters: 9(Integer)
2026-06-03 14:33:54 DEBUG 19440 --- [论坛系统] [http-nio-58080-exec-7] c.b.forum.dao.BoardMapper.selectByNum    : <==      Total: 9
2026-06-03 14:33:54 DEBUG 19440 --- [论坛系统] [http-nio-58080-exec-3] c.b.forum.dao.ArticleMapper.selectAll    : ==>  Preparing: select u.id as u_id, u.avatarUrl as u_avatarUrl, u.nickname as u_nickname, a.id, a.boardId, a.userId, a.title, a.visitCount, a.replyCount, a.likeCount, a.state, a.createTime, a.updateTime from t_article a, t_user u where a.userId = u.id and a.deleteState = 0 order by a.createTime desc limit 0, 100
2026-06-03 14:33:54 DEBUG 19440 --- [论坛系统] [http-nio-58080-exec-3] c.b.forum.dao.ArticleMapper.selectAll    : ==> Parameters: 
2026-06-03 14:33:54 DEBUG 19440 --- [论坛系统] [http-nio-58080-exec-3] c.b.forum.dao.ArticleMapper.selectAll    : <==      Total: 2
2026-06-03 14:33:56 DEBUG 19440 --- [论坛系统] [http-nio-58080-exec-10] c.b.f.d.BoardMapper.selectByPrimaryKey   : ==>  Preparing: select id, name, articleCount, sort, state, deleteState, createTime, updateTime from t_board where id = ?
2026-06-03 14:33:56 DEBUG 19440 --- [论坛系统] [http-nio-58080-exec-6] c.b.f.d.BoardMapper.selectByPrimaryKey   : ==>  Preparing: select id, name, articleCount, sort, state, deleteState, createTime, updateTime from t_board where id = ?
2026-06-03 14:33:56 DEBUG 19440 --- [论坛系统] [http-nio-58080-exec-10] c.b.f.d.BoardMapper.selectByPrimaryKey   : ==> Parameters: 1(Long)
2026-06-03 14:33:56 DEBUG 19440 --- [论坛系统] [http-nio-58080-exec-6] c.b.f.d.BoardMapper.selectByPrimaryKey   : ==> Parameters: 1(Long)
2026-06-03 14:33:56 DEBUG 19440 --- [论坛系统] [http-nio-58080-exec-6] c.b.f.d.BoardMapper.selectByPrimaryKey   : <==      Total: 1
2026-06-03 14:33:56 DEBUG 19440 --- [论坛系统] [http-nio-58080-exec-10] c.b.f.d.BoardMapper.selectByPrimaryKey   : <==      Total: 1
2026-06-03 14:33:56 DEBUG 19440 --- [论坛系统] [http-nio-58080-exec-10] c.b.f.d.A.selectAllByBoardId             : ==>  Preparing: select u.id as u_id, u.avatarUrl as u_avatarUrl, u.nickname as u_nickname, a.id, a.boardId, a.userId, a.title, a.visitCount, a.replyCount, a.likeCount, a.state, a.createTime, a.updateTime from t_article a, t_user u where a.userId = u.id and a.deleteState = 0 and a.boardId = ? order by a.createTime desc limit 0, 100
2026-06-03 14:33:56 DEBUG 19440 --- [论坛系统] [http-nio-58080-exec-10] c.b.f.d.A.selectAllByBoardId             : ==> Parameters: 1(Long)
2026-06-03 14:33:56 DEBUG 19440 --- [论坛系统] [http-nio-58080-exec-10] c.b.f.d.A.selectAllByBoardId             : <==      Total: 2
2026-06-03 14:33:56 DEBUG 19440 --- [论坛系统] [http-nio-58080-exec-2] c.b.forum.dao.ArticleMapper.selectAll    : ==>  Preparing: select u.id as u_id, u.avatarUrl as u_avatarUrl, u.nickname as u_nickname, a.id, a.boardId, a.userId, a.title, a.visitCount, a.replyCount, a.likeCount, a.state, a.createTime, a.updateTime from t_article a, t_user u where a.userId = u.id and a.deleteState = 0 order by a.createTime desc limit 0, 100
2026-06-03 14:33:56 DEBUG 19440 --- [论坛系统] [http-nio-58080-exec-2] c.b.forum.dao.ArticleMapper.selectAll    : ==> Parameters: 
2026-06-03 14:33:56 DEBUG 19440 --- [论坛系统] [http-nio-58080-exec-2] c.b.forum.dao.ArticleMapper.selectAll    : <==      Total: 2
2026-06-03 14:33:57 DEBUG 19440 --- [论坛系统] [http-nio-58080-exec-5] c.b.f.d.BoardMapper.selectByPrimaryKey   : ==>  Preparing: select id, name, articleCount, sort, state, deleteState, createTime, updateTime from t_board where id = ?
2026-06-03 14:33:57 DEBUG 19440 --- [论坛系统] [http-nio-58080-exec-7] c.b.f.d.BoardMapper.selectByPrimaryKey   : ==>  Preparing: select id, name, articleCount, sort, state, deleteState, createTime, updateTime from t_board where id = ?
2026-06-03 14:33:57 DEBUG 19440 --- [论坛系统] [http-nio-58080-exec-7] c.b.f.d.BoardMapper.selectByPrimaryKey   : ==> Parameters: 1(Long)
2026-06-03 14:33:57 DEBUG 19440 --- [论坛系统] [http-nio-58080-exec-5] c.b.f.d.BoardMapper.selectByPrimaryKey   : ==> Parameters: 1(Long)
2026-06-03 14:33:57 DEBUG 19440 --- [论坛系统] [http-nio-58080-exec-7] c.b.f.d.BoardMapper.selectByPrimaryKey   : <==      Total: 1
2026-06-03 14:33:57 DEBUG 19440 --- [论坛系统] [http-nio-58080-exec-5] c.b.f.d.BoardMapper.selectByPrimaryKey   : <==      Total: 1
2026-06-03 14:33:57 DEBUG 19440 --- [论坛系统] [http-nio-58080-exec-7] c.b.f.d.A.selectAllByBoardId             : ==>  Preparing: select u.id as u_id, u.avatarUrl as u_avatarUrl, u.nickname as u_nickname, a.id, a.boardId, a.userId, a.title, a.visitCount, a.replyCount, a.likeCount, a.state, a.createTime, a.updateTime from t_article a, t_user u where a.userId = u.id and a.deleteState = 0 and a.boardId = ? order by a.createTime desc limit 0, 100
2026-06-03 14:33:57 DEBUG 19440 --- [论坛系统] [http-nio-58080-exec-7] c.b.f.d.A.selectAllByBoardId             : ==> Parameters: 1(Long)
2026-06-03 14:33:57 DEBUG 19440 --- [论坛系统] [http-nio-58080-exec-7] c.b.f.d.A.selectAllByBoardId             : <==      Total: 2
2026-06-03 14:34:26 DEBUG 19440 --- [论坛系统] [http-nio-58080-exec-10] c.b.forum.dao.BoardMapper.selectByNum    : ==>  Preparing: select id, name, articleCount, sort, state, deleteState, createTime, updateTime from t_board where deleteState = 0 and state = 0 order by sort asc limit ?
2026-06-03 14:34:26 DEBUG 19440 --- [论坛系统] [http-nio-58080-exec-10] c.b.forum.dao.BoardMapper.selectByNum    : ==> Parameters: 9(Integer)
2026-06-03 14:34:26 DEBUG 19440 --- [论坛系统] [http-nio-58080-exec-10] c.b.forum.dao.BoardMapper.selectByNum    : <==      Total: 9
2026-06-03 14:34:26 DEBUG 19440 --- [论坛系统] [http-nio-58080-exec-8] c.b.forum.dao.ArticleMapper.selectAll    : ==>  Preparing: select u.id as u_id, u.avatarUrl as u_avatarUrl, u.nickname as u_nickname, a.id, a.boardId, a.userId, a.title, a.visitCount, a.replyCount, a.likeCount, a.state, a.createTime, a.updateTime from t_article a, t_user u where a.userId = u.id and a.deleteState = 0 order by a.createTime desc limit 0, 100
2026-06-03 14:34:26 DEBUG 19440 --- [论坛系统] [http-nio-58080-exec-8] c.b.forum.dao.ArticleMapper.selectAll    : ==> Parameters: 
2026-06-03 14:34:26 DEBUG 19440 --- [论坛系统] [http-nio-58080-exec-8] c.b.forum.dao.ArticleMapper.selectAll    : <==      Total: 2
2026-06-03 14:34:29  INFO 19440 --- [论坛系统] [SpringApplicationShutdownHook] o.s.b.w.e.tomcat.GracefulShutdown        : Commencing graceful shutdown. Waiting for active requests to complete
2026-06-03 14:34:29  INFO 19440 --- [论坛系统] [tomcat-shutdown] o.s.b.w.e.tomcat.GracefulShutdown        : Graceful shutdown complete
2026-06-03 14:34:29  INFO 19440 --- [论坛系统] [SpringApplicationShutdownHook] com.zaxxer.hikari.HikariDataSource       : HikariPool-1 - Shutdown initiated...
2026-06-03 14:34:29  INFO 19440 --- [论坛系统] [SpringApplicationShutdownHook] com.zaxxer.hikari.HikariDataSource       : HikariPool-1 - Shutdown completed.
